19-Nov-2017 14:27:24.540 INFORMACIÓN [main] sun.reflect.NativeMethodAccessorImpl.invoke Server version:        Apache Tomcat (TomEE)/8.5.20 (7.0.4)
19-Nov-2017 14:27:24.540 INFORMACIÓN [main] sun.reflect.NativeMethodAccessorImpl.invoke Server built:          Aug 2 2017 21:35:49 UTC
19-Nov-2017 14:27:24.540 INFORMACIÓN [main] sun.reflect.NativeMethodAccessorImpl.invoke Server number:         8.5.20.0
19-Nov-2017 14:27:24.540 INFORMACIÓN [main] sun.reflect.NativeMethodAccessorImpl.invoke OS Name:               Windows 7
19-Nov-2017 14:27:24.540 INFORMACIÓN [main] sun.reflect.NativeMethodAccessorImpl.invoke OS Version:            6.1
19-Nov-2017 14:27:24.540 INFORMACIÓN [main] sun.reflect.NativeMethodAccessorImpl.invoke Architecture:          amd64
19-Nov-2017 14:27:24.540 INFORMACIÓN [main] sun.reflect.NativeMethodAccessorImpl.invoke Java Home:             C:\Program Files\Java\jdk1.8.0_131\jre
19-Nov-2017 14:27:24.540 INFORMACIÓN [main] sun.reflect.NativeMethodAccessorImpl.invoke JVM Version:           1.8.0_131-b11
19-Nov-2017 14:27:24.540 INFORMACIÓN [main] sun.reflect.NativeMethodAccessorImpl.invoke JVM Vendor:            Oracle Corporation
19-Nov-2017 14:27:24.540 INFORMACIÓN [main] sun.reflect.NativeMethodAccessorImpl.invoke CATALINA_BASE:         C:\Users\user\Desktop\techblog\target\apache-tomee
19-Nov-2017 14:27:24.540 INFORMACIÓN [main] sun.reflect.NativeMethodAccessorImpl.invoke CATALINA_HOME:         C:\Users\user\Desktop\techblog\target\apache-tomee
19-Nov-2017 14:27:24.540 INFORMACIÓN [main] sun.reflect.NativeMethodAccessorImpl.invoke Command line argument: -XX:+HeapDumpOnOutOfMemoryError
19-Nov-2017 14:27:24.540 INFORMACIÓN [main] sun.reflect.NativeMethodAccessorImpl.invoke Command line argument: -Dorg.apache.catalina.STRICT_SERVLET_COMPLIANCE=false
19-Nov-2017 14:27:24.540 INFORMACIÓN [main] sun.reflect.NativeMethodAccessorImpl.invoke Command line argument: -Dopenejb.session.manager=org.apache.tomee.catalina.session.QuickSessionManager
19-Nov-2017 14:27:24.540 INFORMACIÓN [main] sun.reflect.NativeMethodAccessorImpl.invoke Command line argument: -Dtomee.remote.support=true
19-Nov-2017 14:27:24.540 INFORMACIÓN [main] sun.reflect.NativeMethodAccessorImpl.invoke Command line argument: -Dtomee.jsp-development=true
19-Nov-2017 14:27:24.540 INFORMACIÓN [main] sun.reflect.DelegatingMethodAccessorImpl.invoke Command line argument: -Djava.util.logging.config.file=C:\Users\user\Desktop\techblog\target\apache-tomee\conf\logging.properties
19-Nov-2017 14:27:24.540 INFORMACIÓN [main] sun.reflect.DelegatingMethodAccessorImpl.invoke Command line argument: -javaagent:C:\Users\user\Desktop\techblog\target\apache-tomee\lib\openejb-javaagent.jar
19-Nov-2017 14:27:24.540 INFORMACIÓN [main] sun.reflect.DelegatingMethodAccessorImpl.invoke Command line argument: -Djava.util.logging.manager=org.apache.juli.ClassLoaderLogManager
19-Nov-2017 14:27:24.540 INFORMACIÓN [main] sun.reflect.DelegatingMethodAccessorImpl.invoke Command line argument: -Djava.io.tmpdir=C:\Users\user\Desktop\techblog\target\apache-tomee\temp
19-Nov-2017 14:27:24.540 INFORMACIÓN [main] sun.reflect.DelegatingMethodAccessorImpl.invoke Command line argument: -Dcatalina.base=C:\Users\user\Desktop\techblog\target\apache-tomee
19-Nov-2017 14:27:24.540 INFORMACIÓN [main] sun.reflect.DelegatingMethodAccessorImpl.invoke Command line argument: -Dcatalina.home=C:\Users\user\Desktop\techblog\target\apache-tomee
19-Nov-2017 14:27:24.540 INFORMACIÓN [main] sun.reflect.DelegatingMethodAccessorImpl.invoke Command line argument: -Dcatalina.ext.dirs=C:\Users\user\Desktop\techblog\target\apache-tomee\lib
19-Nov-2017 14:27:24.540 INFORMACIÓN [main] sun.reflect.DelegatingMethodAccessorImpl.invoke Command line argument: -Dorg.apache.tomcat.util.http.ServerCookie.ALLOW_HTTP_SEPARATORS_IN_V0=true
19-Nov-2017 14:27:24.540 INFORMACIÓN [main] sun.reflect.DelegatingMethodAccessorImpl.invoke Command line argument: -ea
19-Nov-2017 14:27:24.540 INFORMACIÓN [main] sun.reflect.DelegatingMethodAccessorImpl.invoke La biblioteca nativa de Apache Tomcat basada en ARP que permite un rendimiento óptimo en entornos de desarrollo no ha sido hallada en java.library.path: [C:\Program Files\Java\jdk1.8.0_131\jre\bin;C:\Windows\Sun\Java\bin;C:\Windows\system32;C:\Windows;C:\xampp\php;C:\Program Files (x86)\Skype\Phone\;C:\xampp\php\;C:\Users\user\AppData\Roaming\Composer\vendor\bin;C:\Program Files (x86)\apache-maven-3.5.0\bin;.]
19-Nov-2017 14:27:24.883 INFORMACIÓN [main] sun.reflect.DelegatingMethodAccessorImpl.invoke Initializing ProtocolHandler ["http-nio-8080"]
19-Nov-2017 14:27:25.070 INFORMACIÓN [main] sun.reflect.DelegatingMethodAccessorImpl.invoke Using a shared selector for servlet write/read
19-Nov-2017 14:27:25.086 INFORMACIÓN [main] sun.reflect.DelegatingMethodAccessorImpl.invoke Initializing ProtocolHandler ["ajp-nio-8009"]
19-Nov-2017 14:27:25.086 INFORMACIÓN [main] sun.reflect.DelegatingMethodAccessorImpl.invoke Using a shared selector for servlet write/read
19-Nov-2017 14:27:25.803 INFORMACIÓN [main] org.apache.openejb.util.OptionsLog.info Using 'tomee.remote.support=true'
19-Nov-2017 14:27:25.819 INFORMACIÓN [main] org.apache.openejb.util.OptionsLog.info Using 'openejb.jdbc.datasource-creator=org.apache.tomee.jdbc.TomEEDataSourceCreator'
19-Nov-2017 14:27:25.975 INFORMACIÓN [main] org.apache.openejb.OpenEJB$Instance.<init> ********************************************************************************
19-Nov-2017 14:27:25.975 INFORMACIÓN [main] org.apache.openejb.OpenEJB$Instance.<init> OpenEJB http://tomee.apache.org/
19-Nov-2017 14:27:25.975 INFORMACIÓN [main] org.apache.openejb.OpenEJB$Instance.<init> Startup: Sun Nov 19 14:27:25 ART 2017
19-Nov-2017 14:27:25.975 INFORMACIÓN [main] org.apache.openejb.OpenEJB$Instance.<init> Copyright 1999-2017 (C) Apache OpenEJB Project, All Rights Reserved.
19-Nov-2017 14:27:25.975 INFORMACIÓN [main] org.apache.openejb.OpenEJB$Instance.<init> Version: 7.0.4
19-Nov-2017 14:27:25.975 INFORMACIÓN [main] org.apache.openejb.OpenEJB$Instance.<init> Build date: 20170926
19-Nov-2017 14:27:25.975 INFORMACIÓN [main] org.apache.openejb.OpenEJB$Instance.<init> Build time: 12:10
19-Nov-2017 14:27:25.975 INFORMACIÓN [main] org.apache.openejb.OpenEJB$Instance.<init> ********************************************************************************
19-Nov-2017 14:27:25.975 INFORMACIÓN [main] org.apache.openejb.OpenEJB$Instance.<init> openejb.home = C:\Users\user\Desktop\techblog\target\apache-tomee
19-Nov-2017 14:27:25.975 INFORMACIÓN [main] org.apache.openejb.OpenEJB$Instance.<init> openejb.base = C:\Users\user\Desktop\techblog\target\apache-tomee
19-Nov-2017 14:27:25.975 INFORMACIÓN [main] org.apache.openejb.cdi.CdiBuilder.initializeOWB Created new singletonService org.apache.openejb.cdi.ThreadSingletonServiceImpl@6b19b79
19-Nov-2017 14:27:25.975 INFORMACIÓN [main] org.apache.openejb.cdi.CdiBuilder.initializeOWB Succeeded in installing singleton service
19-Nov-2017 14:27:26.022 INFORMACIÓN [main] org.apache.openejb.config.ConfigurationFactory.init TomEE configuration file is 'C:\Users\user\Desktop\techblog\target\apache-tomee\conf\tomee.xml'
19-Nov-2017 14:27:26.100 INFORMACIÓN [main] org.apache.openejb.config.ConfigurationFactory.configureService Configuring Service(id=Tomcat Security Service, type=SecurityService, provider-id=Tomcat Security Service)
19-Nov-2017 14:27:26.100 INFORMACIÓN [main] org.apache.openejb.config.ConfigurationFactory.configureService Configuring Service(id=Default Transaction Manager, type=TransactionManager, provider-id=Default Transaction Manager)
19-Nov-2017 14:27:26.100 INFORMACIÓN [main] org.apache.openejb.config.ConfigurationFactory.configureService Configuring Service(id=MysqlDs, type=Resource, provider-id=Default JDBC Database)
19-Nov-2017 14:27:26.100 INFORMACIÓN [main] org.apache.openejb.util.OptionsLog.info Using 'openejb.deployments.classpath=false'
19-Nov-2017 14:27:26.100 INFORMACIÓN [main] org.apache.openejb.assembler.classic.Assembler.createRecipe Creating TransactionManager(id=Default Transaction Manager)
19-Nov-2017 14:27:26.193 INFORMACIÓN [main] org.apache.openejb.assembler.classic.Assembler.createRecipe Creating SecurityService(id=Tomcat Security Service)
19-Nov-2017 14:27:26.240 INFORMACIÓN [main] org.apache.openejb.assembler.classic.Assembler.createRecipe Creating Resource(id=MysqlDs)
19-Nov-2017 14:27:26.927 INFORMACIÓN [main] org.apache.openejb.server.ServiceManager.initServer Creating ServerService(id=cxf-rs)
19-Nov-2017 14:27:27.207 INFORMACIÓN [main] org.apache.openejb.server.SimpleServiceManager.start   ** Bound Services **
19-Nov-2017 14:27:27.207 INFORMACIÓN [main] org.apache.openejb.server.SimpleServiceManager.printRow   NAME                 IP              PORT  
19-Nov-2017 14:27:27.207 INFORMACIÓN [main] org.apache.openejb.server.SimpleServiceManager.start -------
19-Nov-2017 14:27:27.207 INFORMACIÓN [main] org.apache.openejb.server.SimpleServiceManager.start Ready!
19-Nov-2017 14:27:27.207 INFORMACIÓN [main] sun.reflect.DelegatingMethodAccessorImpl.invoke Initialization processed in 3500 ms
19-Nov-2017 14:27:27.239 INFORMACIÓN [main] org.apache.tomee.catalina.OpenEJBNamingContextListener.bindResource Importing a Tomcat Resource with id 'UserDatabase' of type 'org.apache.catalina.UserDatabase'.
19-Nov-2017 14:27:27.239 INFORMACIÓN [main] org.apache.openejb.assembler.classic.Assembler.createRecipe Creating Resource(id=UserDatabase)
19-Nov-2017 14:27:27.239 INFORMACIÓN [main] sun.reflect.DelegatingMethodAccessorImpl.invoke Arrancando servicio [Catalina]
19-Nov-2017 14:27:27.239 INFORMACIÓN [main] sun.reflect.DelegatingMethodAccessorImpl.invoke Starting Servlet Engine: Apache Tomcat (TomEE)/8.5.20 (7.0.4)
19-Nov-2017 14:27:27.254 INFORMACIÓN [localhost-startStop-1] sun.reflect.DelegatingMethodAccessorImpl.invoke Despliegue del archivo [C:\Users\user\Desktop\techblog\target\apache-tomee\webapps\ROOT.war] de la aplicación web
19-Nov-2017 14:27:27.270 INFORMACIÓN [localhost-startStop-1] org.apache.tomee.catalina.TomcatWebAppBuilder.init ------------------------- localhost -> /
19-Nov-2017 14:27:27.270 INFORMACIÓN [localhost-startStop-1] org.apache.openejb.util.JarExtractor.extract Extracting jar: C:\Users\user\Desktop\techblog\target\apache-tomee\webapps\ROOT.war
19-Nov-2017 14:27:28.081 INFORMACIÓN [localhost-startStop-1] org.apache.openejb.util.JarExtractor.extract Extracted path: C:\Users\user\Desktop\techblog\target\apache-tomee\webapps\ROOT
19-Nov-2017 14:27:28.081 INFORMACIÓN [localhost-startStop-1] org.apache.openejb.util.OptionsLog.info Using 'openejb.session.manager=org.apache.tomee.catalina.session.QuickSessionManager'
19-Nov-2017 14:27:29.218 INFORMACIÓN [localhost-startStop-1] org.apache.openejb.config.ConfigurationFactory.configureApplication Configuring enterprise application: C:\Users\user\Desktop\techblog\target\apache-tomee\webapps\ROOT
19-Nov-2017 14:27:29.452 INFORMACIÓN [localhost-startStop-1] org.apache.openejb.config.InitEjbDeployments.deploy Auto-deploying ejb UserController: EjbDeployment(deployment-id=UserController)
19-Nov-2017 14:27:29.452 INFORMACIÓN [localhost-startStop-1] org.apache.openejb.config.InitEjbDeployments.deploy Auto-deploying ejb ImageController: EjbDeployment(deployment-id=ImageController)
19-Nov-2017 14:27:29.452 INFORMACIÓN [localhost-startStop-1] org.apache.openejb.config.InitEjbDeployments.deploy Auto-deploying ejb CommentController: EjbDeployment(deployment-id=CommentController)
19-Nov-2017 14:27:29.452 INFORMACIÓN [localhost-startStop-1] org.apache.openejb.config.InitEjbDeployments.deploy Auto-deploying ejb PostController: EjbDeployment(deployment-id=PostController)
19-Nov-2017 14:27:29.468 INFORMACIÓN [localhost-startStop-1] org.apache.openejb.config.ConfigurationFactory.configureService Configuring Service(id=Default Stateless Container, type=Container, provider-id=Default Stateless Container)
19-Nov-2017 14:27:29.468 INFORMACIÓN [localhost-startStop-1] org.apache.openejb.config.AutoConfig.createContainer Auto-creating a container for bean UserController: Container(type=STATELESS, id=Default Stateless Container)
19-Nov-2017 14:27:29.468 INFORMACIÓN [localhost-startStop-1] org.apache.openejb.assembler.classic.Assembler.createRecipe Creating Container(id=Default Stateless Container)
19-Nov-2017 14:27:29.483 INFORMACIÓN [localhost-startStop-1] org.apache.openejb.config.ConfigurationFactory.configureService Configuring Service(id=Default Managed Container, type=Container, provider-id=Default Managed Container)
19-Nov-2017 14:27:29.483 INFORMACIÓN [localhost-startStop-1] org.apache.openejb.config.AutoConfig.createContainer Auto-creating a container for bean .Comp413795973: Container(type=MANAGED, id=Default Managed Container)
19-Nov-2017 14:27:29.483 INFORMACIÓN [localhost-startStop-1] org.apache.openejb.assembler.classic.Assembler.createRecipe Creating Container(id=Default Managed Container)
19-Nov-2017 14:27:29.499 INFORMACIÓN [localhost-startStop-1] org.apache.openejb.core.managed.SimplePassivater.init Using directory C:\Users\user\Desktop\techblog\target\apache-tomee\temp for stateful session passivation
19-Nov-2017 14:27:29.514 INFORMACIÓN [localhost-startStop-1] org.apache.openejb.config.AutoConfig.deploy Configuring PersistenceUnit(name=my-app-pu)
19-Nov-2017 14:27:29.514 INFORMACIÓN [localhost-startStop-1] org.apache.openejb.config.AutoConfig.logAutoCreateResource Auto-creating a Resource with id 'MysqlDsNonJta' of type 'DataSource for 'my-app-pu'.
19-Nov-2017 14:27:29.514 INFORMACIÓN [localhost-startStop-1] org.apache.openejb.config.AutoConfig.deploy Configuring Service(id=MysqlDsNonJta, type=Resource, provider-id=MysqlDs)
19-Nov-2017 14:27:29.514 INFORMACIÓN [localhost-startStop-1] org.apache.openejb.assembler.classic.Assembler.createRecipe Creating Resource(id=MysqlDsNonJta)
19-Nov-2017 14:27:30.003 INFORMACIÓN [localhost-startStop-1] org.apache.openejb.config.AutoConfig.setNonJtaDataSource Adjusting PersistenceUnit my-app-pu <non-jta-data-source> to Resource ID 'MysqlDsNonJta' from 'null'
19-Nov-2017 14:27:30.034 INFORMACIÓN [localhost-startStop-1] org.apache.openejb.config.AppInfoBuilder.build Enterprise application "C:\Users\user\Desktop\techblog\target\apache-tomee\webapps\ROOT" loaded.
19-Nov-2017 14:27:30.034 INFORMACIÓN [localhost-startStop-1] org.apache.openejb.assembler.classic.Assembler.createApplication Assembling app: C:\Users\user\Desktop\techblog\target\apache-tomee\webapps\ROOT
19-Nov-2017 14:27:30.487 INFORMACIÓN [localhost-startStop-1] null.openjpa.Runtime OpenJPA dynamically loaded a validation provider.
19-Nov-2017 14:27:30.502 INFORMACIÓN [localhost-startStop-1] org.apache.openejb.assembler.classic.ReloadableEntityManagerFactory.createDelegate PersistenceUnit(name=my-app-pu, provider=org.apache.openjpa.persistence.PersistenceProviderImpl) - provider time 439ms
19-Nov-2017 14:27:30.648 INFORMACIÓN [localhost-startStop-1] org.apache.openejb.assembler.classic.JndiBuilder.bind Jndi(name=UserControllerLocalBean) --> Ejb(deployment-id=UserController)
19-Nov-2017 14:27:30.648 INFORMACIÓN [localhost-startStop-1] org.apache.openejb.assembler.classic.JndiBuilder.bind Jndi(name=global/UserController!controller.UserController) --> Ejb(deployment-id=UserController)
19-Nov-2017 14:27:30.650 INFORMACIÓN [localhost-startStop-1] org.apache.openejb.assembler.classic.JndiBuilder.bind Jndi(name=global/UserController) --> Ejb(deployment-id=UserController)
19-Nov-2017 14:27:30.652 INFORMACIÓN [localhost-startStop-1] org.apache.openejb.assembler.classic.JndiBuilder.bind Jndi(name=ImageControllerLocalBean) --> Ejb(deployment-id=ImageController)
19-Nov-2017 14:27:30.652 INFORMACIÓN [localhost-startStop-1] org.apache.openejb.assembler.classic.JndiBuilder.bind Jndi(name=global/ImageController!controller.ImageController) --> Ejb(deployment-id=ImageController)
19-Nov-2017 14:27:30.652 INFORMACIÓN [localhost-startStop-1] org.apache.openejb.assembler.classic.JndiBuilder.bind Jndi(name=global/ImageController) --> Ejb(deployment-id=ImageController)
19-Nov-2017 14:27:30.652 INFORMACIÓN [localhost-startStop-1] org.apache.openejb.assembler.classic.JndiBuilder.bind Jndi(name=CommentControllerLocalBean) --> Ejb(deployment-id=CommentController)
19-Nov-2017 14:27:30.652 INFORMACIÓN [localhost-startStop-1] org.apache.openejb.assembler.classic.JndiBuilder.bind Jndi(name=global/CommentController!controller.CommentController) --> Ejb(deployment-id=CommentController)
19-Nov-2017 14:27:30.653 INFORMACIÓN [localhost-startStop-1] org.apache.openejb.assembler.classic.JndiBuilder.bind Jndi(name=global/CommentController) --> Ejb(deployment-id=CommentController)
19-Nov-2017 14:27:30.654 INFORMACIÓN [localhost-startStop-1] org.apache.openejb.assembler.classic.JndiBuilder.bind Jndi(name=PostControllerLocalBean) --> Ejb(deployment-id=PostController)
19-Nov-2017 14:27:30.654 INFORMACIÓN [localhost-startStop-1] org.apache.openejb.assembler.classic.JndiBuilder.bind Jndi(name=global/PostController!controller.PostController) --> Ejb(deployment-id=PostController)
19-Nov-2017 14:27:30.655 INFORMACIÓN [localhost-startStop-1] org.apache.openejb.assembler.classic.JndiBuilder.bind Jndi(name=global/PostController) --> Ejb(deployment-id=PostController)
19-Nov-2017 14:27:30.730 INFORMACIÓN [localhost-startStop-1] org.apache.openejb.cdi.CdiBuilder.initSingleton Existing thread singleton service in SystemInstance(): org.apache.openejb.cdi.ThreadSingletonServiceImpl@6b19b79
19-Nov-2017 14:27:30.871 INFORMACIÓN [localhost-startStop-1] org.apache.openejb.cdi.OpenEJBLifecycle.startApplication OpenWebBeans Container is starting...
19-Nov-2017 14:27:30.875 INFORMACIÓN [localhost-startStop-1] org.apache.webbeans.plugins.PluginLoader.startUp Adding OpenWebBeansPlugin : [CdiPlugin]
19-Nov-2017 14:27:31.358 INFORMACIÓN [localhost-startStop-1] org.apache.webbeans.config.BeansDeployer.validateInjectionPoints All injection points were validated successfully.
19-Nov-2017 14:27:31.358 INFORMACIÓN [localhost-startStop-1] org.apache.openejb.cdi.OpenEJBLifecycle.startApplication OpenWebBeans Container has started, it took 487 ms.
19-Nov-2017 14:27:31.358 INFORMACIÓN [localhost-startStop-1] org.apache.openejb.assembler.classic.Assembler.startEjbs Created Ejb(deployment-id=PostController, ejb-name=PostController, container=Default Stateless Container)
19-Nov-2017 14:27:31.358 INFORMACIÓN [localhost-startStop-1] org.apache.openejb.assembler.classic.Assembler.startEjbs Created Ejb(deployment-id=UserController, ejb-name=UserController, container=Default Stateless Container)
19-Nov-2017 14:27:31.374 INFORMACIÓN [localhost-startStop-1] org.apache.openejb.assembler.classic.Assembler.startEjbs Created Ejb(deployment-id=CommentController, ejb-name=CommentController, container=Default Stateless Container)
19-Nov-2017 14:27:31.374 INFORMACIÓN [localhost-startStop-1] org.apache.openejb.assembler.classic.Assembler.startEjbs Created Ejb(deployment-id=ImageController, ejb-name=ImageController, container=Default Stateless Container)
19-Nov-2017 14:27:31.390 INFORMACIÓN [localhost-startStop-1] org.apache.openejb.assembler.classic.Assembler.startEjbs Started Ejb(deployment-id=PostController, ejb-name=PostController, container=Default Stateless Container)
19-Nov-2017 14:27:31.405 INFORMACIÓN [localhost-startStop-1] org.apache.openejb.assembler.classic.Assembler.startEjbs Started Ejb(deployment-id=UserController, ejb-name=UserController, container=Default Stateless Container)
19-Nov-2017 14:27:31.405 INFORMACIÓN [localhost-startStop-1] org.apache.openejb.assembler.classic.Assembler.startEjbs Started Ejb(deployment-id=CommentController, ejb-name=CommentController, container=Default Stateless Container)
19-Nov-2017 14:27:31.421 INFORMACIÓN [localhost-startStop-1] org.apache.openejb.assembler.classic.Assembler.startEjbs Started Ejb(deployment-id=ImageController, ejb-name=ImageController, container=Default Stateless Container)
19-Nov-2017 14:27:31.421 INFORMACIÓN [localhost-startStop-1] org.apache.openejb.assembler.classic.Assembler.createApplication Deployed Application(path=C:\Users\user\Desktop\techblog\target\apache-tomee\webapps\ROOT)
19-Nov-2017 14:27:31.670 INFORMACIÓN [localhost-startStop-1] org.apache.tomee.myfaces.TomEEMyFacesContainerInitializer.addListener Installing <listener>org.apache.myfaces.webapp.StartupServletContextListener</listener>
19-Nov-2017 14:27:31.795 INFORMACIÓN [localhost-startStop-1] org.apache.myfaces.config.DefaultFacesConfigurationProvider.getStandardFacesConfig Reading standard config META-INF/standard-faces-config.xml
19-Nov-2017 14:27:32.150 INFORMACIÓN [localhost-startStop-1] org.apache.myfaces.config.DefaultFacesConfigurationProvider.getWebAppFacesConfig Reading config /WEB-INF/faces-config.xml
19-Nov-2017 14:27:32.217 INFORMACIÓN [localhost-startStop-1] org.apache.myfaces.config.DefaultFacesConfigurationProvider.getClassloaderFacesConfig Reading config : jar:file:/C:/Users/user/Desktop/techblog/target/apache-tomee/lib/openwebbeans-el22-1.7.4.jar!/META-INF/faces-config.xml
19-Nov-2017 14:27:32.219 INFORMACIÓN [localhost-startStop-1] org.apache.myfaces.config.DefaultFacesConfigurationProvider.getClassloaderFacesConfig Reading config : jar:file:/C:/Users/user/Desktop/techblog/target/apache-tomee/lib/openwebbeans-jsf-1.7.4.jar!/META-INF/faces-config.xml
19-Nov-2017 14:27:32.420 INFORMACIÓN [localhost-startStop-1] org.apache.myfaces.config.LogMetaInfUtils.logArtifact Artifact 'myfaces-api' was found in version '2.2.12' from path 'file:/C:/Users/user/Desktop/techblog/target/apache-tomee/lib/myfaces-api-2.2.12.jar'
19-Nov-2017 14:27:32.420 INFORMACIÓN [localhost-startStop-1] org.apache.myfaces.config.LogMetaInfUtils.logArtifact Artifact 'myfaces-impl' was found in version '2.2.12' from path 'file:/C:/Users/user/Desktop/techblog/target/apache-tomee/lib/myfaces-impl-2.2.12.jar'
19-Nov-2017 14:27:32.439 INFORMACIÓN [localhost-startStop-1] org.apache.myfaces.util.ExternalSpecifications.isCDIAvailable MyFaces CDI support enabled
19-Nov-2017 14:27:32.441 INFORMACIÓN [localhost-startStop-1] org.apache.myfaces.spi.impl.DefaultInjectionProviderFactory.getInjectionProvider Using InjectionProvider org.apache.myfaces.spi.impl.CDIAnnotationDelegateInjectionProvider
19-Nov-2017 14:27:32.545 INFORMACIÓN [localhost-startStop-1] org.apache.myfaces.util.ExternalSpecifications.isBeanValidationAvailable MyFaces Bean Validation support enabled
19-Nov-2017 14:27:32.972 INFORMACIÓN [localhost-startStop-1] org.apache.myfaces.application.ApplicationImpl.getProjectStage Couldn't discover the current project stage, using Production
19-Nov-2017 14:27:32.974 INFORMACIÓN [localhost-startStop-1] org.apache.myfaces.config.FacesConfigurator.handleSerialFactory Serialization provider : class org.apache.myfaces.shared_impl.util.serial.DefaultSerialFactory
19-Nov-2017 14:27:32.991 INFORMACIÓN [localhost-startStop-1] org.apache.myfaces.config.annotation.DefaultLifecycleProviderFactory.getLifecycleProvider Using LifecycleProvider org.apache.myfaces.config.annotation.Tomcat7AnnotationLifecycleProvider
19-Nov-2017 14:27:33.257 INFORMACIÓN [localhost-startStop-1] org.apache.myfaces.webapp.AbstractFacesInitializer.initFaces ServletContext initialized.
19-Nov-2017 14:27:33.264 INFORMACIÓN [localhost-startStop-1] org.apache.myfaces.util.ExternalSpecifications.isUnifiedELAvailable MyFaces Unified EL support enabled
19-Nov-2017 14:27:33.271 INFORMACIÓN [localhost-startStop-1] org.apache.myfaces.view.facelets.ViewPoolProcessor.initialize org.apache.myfaces.CACHE_EL_EXPRESSIONS web config parameter is set to "noCache". To enable view pooling this param must be set to "alwaysRecompile". View Pooling disabled.
19-Nov-2017 14:27:33.299 INFORMACIÓN [localhost-startStop-1] org.apache.myfaces.webapp.StartupServletContextListener.contextInitialized MyFaces Core has started, it took [1613] ms.
19-Nov-2017 14:27:33.433 INFORMACIÓN [localhost-startStop-1] sun.reflect.DelegatingMethodAccessorImpl.invoke Deployment of web application archive [C:\Users\user\Desktop\techblog\target\apache-tomee\webapps\ROOT.war] has finished in [6.177] ms
19-Nov-2017 14:27:33.453 INFORMACIÓN [Catalina-startStop-1] org.apache.catalina.core.StandardContext.setClassLoaderProperty Unable to set the web application class loader property [clearReferencesRmiTargets] to [true] as the property does not exist.
19-Nov-2017 14:27:33.473 INFORMACIÓN [main] sun.reflect.DelegatingMethodAccessorImpl.invoke Starting ProtocolHandler ["http-nio-8080"]
19-Nov-2017 14:27:33.491 INFORMACIÓN [main] sun.reflect.DelegatingMethodAccessorImpl.invoke Starting ProtocolHandler ["ajp-nio-8009"]
19-Nov-2017 14:27:33.496 INFORMACIÓN [main] sun.reflect.DelegatingMethodAccessorImpl.invoke Server startup in 6285 ms
19-Nov-2017 14:27:33.779 INFORMACIÓN [http-nio-8080-exec-3] org.apache.myfaces.el.unified.ResolverBuilderBase.sortELResolvers Chain of EL resolvers for JSP sorted with: org.apache.myfaces.el.unified.OpenWebBeansELResolverComparator@46775c78 and the result order is [org.apache.myfaces.el.unified.resolver.implicitobject.ImplicitObjectResolver@48b0aac6, org.apache.myfaces.el.FlashELResolver@4c8f3708, org.apache.myfaces.el.unified.resolver.ManagedBeanResolver@98da0fd, org.apache.myfaces.el.unified.resolver.ResourceBundleResolver@75e5b928, org.apache.myfaces.el.unified.resolver.ResourceResolver@384ecbc8, org.apache.webbeans.el22.WebBeansELResolver@dcc8cbe, org.apache.myfaces.el.convert.VariableResolverToELResolver@69a25fb2, org.apache.myfaces.el.convert.PropertyResolverToELResolver@31d68757]
19-Nov-2017 14:27:33.984 INFORMACIÓN [http-nio-8080-exec-3] org.apache.myfaces.el.unified.ResolverBuilderBase.sortELResolvers Chain of EL resolvers for Faces sorted with: org.apache.myfaces.el.unified.OpenWebBeansELResolverComparator@46775c78 and the result order is [org.apache.myfaces.el.unified.resolver.implicitobject.ImplicitObjectResolver@7f881a2e, org.apache.myfaces.el.unified.resolver.CompositeComponentELResolver@16c8c01d, org.apache.webbeans.el22.WebBeansELResolver@dcc8cbe, org.apache.myfaces.el.convert.VariableResolverToELResolver@6dec42b9, org.apache.myfaces.el.convert.PropertyResolverToELResolver@68858c6c, org.apache.myfaces.el.FlashELResolver@57e3b238, org.apache.myfaces.el.unified.resolver.ManagedBeanResolver@7fb58f1, org.apache.myfaces.el.unified.resolver.ResourceResolver@88d3b3d, javax.el.ResourceBundleELResolver@4c2f30ac, org.apache.myfaces.el.unified.resolver.ResourceBundleResolver@6173963, org.apache.el.stream.StreamELResolverImpl@5b76d580, javax.el.StaticFieldELResolver@3a435900, javax.el.MapELResolver@fdca4b4, javax.el.ListELResolver@30bf580d, javax.el.ArrayELResolver@5d88414f, javax.el.BeanELResolver@7d2398a7]
19-Nov-2017 14:27:34.217 INFORMACIÓN [http-nio-8080-exec-3] javax.faces.component._ExternalSpecifications.isBeanValidationAvailable MyFaces Bean Validation support enabled
19-Nov-2017 14:28:49.372 INFORMACIÓN [http-nio-8080-exec-7] null.openjpa.Runtime Starting OpenJPA 2.4.2
19-Nov-2017 14:28:49.504 INFORMACIÓN [http-nio-8080-exec-7] null.openjpa.jdbc.JDBC Using dictionary class "org.apache.openjpa.jdbc.sql.MariaDBDictionary" (MySQL 5.5.5-10.1.16-MariaDB ,MySQL-AB JDBC Driver mysql-connector-java-5.1.6 ( Revision: ${svn.Revision} )).
19-Nov-2017 14:28:49.553 INFORMACIÓN [http-nio-8080-exec-7] null.openjpa.jdbc.JDBC Connected to MySQL version 5.5 using JDBC driver MySQL-AB JDBC Driver version mysql-connector-java-5.1.6 ( Revision: ${svn.Revision} ). 
19-Nov-2017 14:29:10.221 GRAVE [http-nio-8080-exec-1] org.apache.openejb.core.transaction.EjbTransactionUtil.handleSystemException EjbTransactionUtil.handleSystemException: Attempt to persist detached object "model.Image-1401".  If this is a new instance, make sure any version and/or auto-generated primary key fields are null/default when persisting.
 <openjpa-2.4.2-r422266:1777108 nonfatal store error> org.apache.openjpa.persistence.EntityExistsException: Attempt to persist detached object "model.Image-1401".  If this is a new instance, make sure any version and/or auto-generated primary key fields are null/default when persisting.
FailedObject: model.Image-1401
	at org.apache.openjpa.kernel.BrokerImpl.persistInternal(BrokerImpl.java:2659)
	at org.apache.openjpa.kernel.BrokerImpl.persist(BrokerImpl.java:2602)
	at org.apache.openjpa.kernel.BrokerImpl.persist(BrokerImpl.java:2585)
	at org.apache.openjpa.kernel.BrokerImpl.persist(BrokerImpl.java:2489)
	at org.apache.openjpa.kernel.DelegatingBroker.persist(DelegatingBroker.java:1076)
	at org.apache.openjpa.persistence.EntityManagerImpl.persist(EntityManagerImpl.java:717)
	at org.apache.openejb.persistence.JtaEntityManager.persist(JtaEntityManager.java:193)
	at controller.PostController.addPost(PostController.java:37)
	at sun.reflect.NativeMethodAccessorImpl.invoke0(Native Method)
	at sun.reflect.NativeMethodAccessorImpl.invoke(NativeMethodAccessorImpl.java:62)
	at sun.reflect.DelegatingMethodAccessorImpl.invoke(DelegatingMethodAccessorImpl.java:43)
	at java.lang.reflect.Method.invoke(Method.java:498)
	at org.apache.openejb.core.interceptor.ReflectionInvocationContext$Invocation.invoke(ReflectionInvocationContext.java:205)
	at org.apache.openejb.core.interceptor.ReflectionInvocationContext.proceed(ReflectionInvocationContext.java:186)
	at org.apache.openejb.monitoring.StatsInterceptor.record(StatsInterceptor.java:181)
	at org.apache.openejb.monitoring.StatsInterceptor.invoke(StatsInterceptor.java:100)
	at sun.reflect.GeneratedMethodAccessor90.invoke(Unknown Source)
	at sun.reflect.DelegatingMethodAccessorImpl.invoke(DelegatingMethodAccessorImpl.java:43)
	at java.lang.reflect.Method.invoke(Method.java:498)
	at org.apache.openejb.core.interceptor.ReflectionInvocationContext$Invocation.invoke(ReflectionInvocationContext.java:205)
	at org.apache.openejb.core.interceptor.ReflectionInvocationContext.proceed(ReflectionInvocationContext.java:186)
	at org.apache.openejb.core.interceptor.InterceptorStack.invoke(InterceptorStack.java:85)
	at org.apache.openejb.core.stateless.StatelessContainer._invoke(StatelessContainer.java:252)
	at org.apache.openejb.core.stateless.StatelessContainer.invoke(StatelessContainer.java:212)
	at org.apache.openejb.core.ivm.EjbObjectProxyHandler.synchronizedBusinessMethod(EjbObjectProxyHandler.java:265)
	at org.apache.openejb.core.ivm.EjbObjectProxyHandler.businessMethod(EjbObjectProxyHandler.java:260)
	at org.apache.openejb.core.ivm.EjbObjectProxyHandler._invoke(EjbObjectProxyHandler.java:89)
	at org.apache.openejb.core.ivm.BaseEjbProxyHandler.invoke(BaseEjbProxyHandler.java:347)
	at controller.PostController$$LocalBeanProxy.addPost(controller/PostController.java)
	at view.PostMb.crearPost(PostMb.java:53)
	at view.PostMb$$OwbNormalScopeProxy0.crearPost(view/PostMb.java)
	at sun.reflect.NativeMethodAccessorImpl.invoke0(Native Method)
	at sun.reflect.NativeMethodAccessorImpl.invoke(NativeMethodAccessorImpl.java:62)
	at sun.reflect.DelegatingMethodAccessorImpl.invoke(DelegatingMethodAccessorImpl.java:43)
	at java.lang.reflect.Method.invoke(Method.java:498)
	at org.apache.el.parser.AstValue.invoke(AstValue.java:247)
	at org.apache.el.MethodExpressionImpl.invoke(MethodExpressionImpl.java:267)
	at org.apache.webbeans.el22.WrappedMethodExpression.invoke(WrappedMethodExpression.java:52)
	at org.apache.myfaces.view.facelets.el.ContextAwareTagMethodExpression.invoke(ContextAwareTagMethodExpression.java:96)
	at org.apache.myfaces.application.ActionListenerImpl.processAction(ActionListenerImpl.java:74)
	at javax.faces.component.UICommand.broadcast(UICommand.java:120)
	at javax.faces.component.UIViewRoot._broadcastAll(UIViewRoot.java:1174)
	at javax.faces.component.UIViewRoot.broadcastEvents(UIViewRoot.java:365)
	at javax.faces.component.UIViewRoot._process(UIViewRoot.java:1660)
	at javax.faces.component.UIViewRoot.processApplication(UIViewRoot.java:864)
	at org.apache.myfaces.lifecycle.InvokeApplicationExecutor.execute(InvokeApplicationExecutor.java:42)
	at org.apache.myfaces.lifecycle.LifecycleImpl.executePhase(LifecycleImpl.java:196)
	at org.apache.myfaces.lifecycle.LifecycleImpl.execute(LifecycleImpl.java:143)
	at javax.faces.webapp.FacesServlet.service(FacesServlet.java:198)
	at org.apache.catalina.core.ApplicationFilterChain.internalDoFilter(ApplicationFilterChain.java:231)
	at org.apache.catalina.core.ApplicationFilterChain.doFilter(ApplicationFilterChain.java:166)
	at org.apache.tomcat.websocket.server.WsFilter.doFilter(WsFilter.java:52)
	at org.apache.catalina.core.ApplicationFilterChain.internalDoFilter(ApplicationFilterChain.java:193)
	at org.apache.catalina.core.ApplicationFilterChain.doFilter(ApplicationFilterChain.java:166)
	at org.apache.openejb.server.httpd.EEFilter.doFilter(EEFilter.java:65)
	at org.apache.catalina.core.ApplicationFilterChain.internalDoFilter(ApplicationFilterChain.java:193)
	at org.apache.catalina.core.ApplicationFilterChain.doFilter(ApplicationFilterChain.java:166)
	at filter.AuthFilter.doFilter(AuthFilter.java:53)
	at org.apache.catalina.core.ApplicationFilterChain.internalDoFilter(ApplicationFilterChain.java:193)
	at org.apache.catalina.core.ApplicationFilterChain.doFilter(ApplicationFilterChain.java:166)
	at org.apache.catalina.core.StandardWrapperValve.invoke(StandardWrapperValve.java:198)
	at org.apache.catalina.core.StandardContextValve.invoke(StandardContextValve.java:96)
	at org.apache.tomee.catalina.OpenEJBValve.invoke(OpenEJBValve.java:44)
	at org.apache.catalina.authenticator.AuthenticatorBase.invoke(AuthenticatorBase.java:478)
	at org.apache.catalina.core.StandardHostValve.invoke(StandardHostValve.java:140)
	at org.apache.catalina.valves.ErrorReportValve.invoke(ErrorReportValve.java:80)
	at org.apache.tomee.catalina.OpenEJBSecurityListener$RequestCapturer.invoke(OpenEJBSecurityListener.java:97)
	at org.apache.catalina.valves.AbstractAccessLogValve.invoke(AbstractAccessLogValve.java:650)
	at org.apache.catalina.core.StandardEngineValve.invoke(StandardEngineValve.java:87)
	at org.apache.catalina.connector.CoyoteAdapter.service(CoyoteAdapter.java:342)
	at org.apache.coyote.http11.Http11Processor.service(Http11Processor.java:799)
	at org.apache.coyote.AbstractProcessorLight.process(AbstractProcessorLight.java:66)
	at org.apache.coyote.AbstractProtocol$ConnectionHandler.process(AbstractProtocol.java:868)
	at org.apache.tomcat.util.net.NioEndpoint$SocketProcessor.doRun(NioEndpoint.java:1457)
	at org.apache.tomcat.util.net.SocketProcessorBase.run(SocketProcessorBase.java:49)
	at java.util.concurrent.ThreadPoolExecutor.runWorker(ThreadPoolExecutor.java:1142)
	at java.util.concurrent.ThreadPoolExecutor$Worker.run(ThreadPoolExecutor.java:617)
	at org.apache.tomcat.util.threads.TaskThread$WrappingRunnable.run(TaskThread.java:61)
	at java.lang.Thread.run(Thread.java:748)

19-Nov-2017 14:30:38.663 GRAVE [http-nio-8080-exec-4] org.apache.openejb.core.transaction.EjbTransactionUtil.handleSystemException EjbTransactionUtil.handleSystemException: Query "Select i From Image i Where i.path = :path" selected no result, but expected unique result.
 javax.persistence.NoResultException: Query "Select i From Image i Where i.path = :path" selected no result, but expected unique result.
	at org.apache.openjpa.persistence.QueryImpl.getSingleResult(QueryImpl.java:320)
	at controller.ImageController.findByPath(ImageController.java:75)
	at sun.reflect.NativeMethodAccessorImpl.invoke0(Native Method)
	at sun.reflect.NativeMethodAccessorImpl.invoke(NativeMethodAccessorImpl.java:62)
	at sun.reflect.DelegatingMethodAccessorImpl.invoke(DelegatingMethodAccessorImpl.java:43)
	at java.lang.reflect.Method.invoke(Method.java:498)
	at org.apache.openejb.core.interceptor.ReflectionInvocationContext$Invocation.invoke(ReflectionInvocationContext.java:205)
	at org.apache.openejb.core.interceptor.ReflectionInvocationContext.proceed(ReflectionInvocationContext.java:186)
	at org.apache.openejb.monitoring.StatsInterceptor.record(StatsInterceptor.java:181)
	at org.apache.openejb.monitoring.StatsInterceptor.invoke(StatsInterceptor.java:100)
	at sun.reflect.GeneratedMethodAccessor90.invoke(Unknown Source)
	at sun.reflect.DelegatingMethodAccessorImpl.invoke(DelegatingMethodAccessorImpl.java:43)
	at java.lang.reflect.Method.invoke(Method.java:498)
	at org.apache.openejb.core.interceptor.ReflectionInvocationContext$Invocation.invoke(ReflectionInvocationContext.java:205)
	at org.apache.openejb.core.interceptor.ReflectionInvocationContext.proceed(ReflectionInvocationContext.java:186)
	at org.apache.openejb.core.interceptor.InterceptorStack.invoke(InterceptorStack.java:85)
	at org.apache.openejb.core.stateless.StatelessContainer._invoke(StatelessContainer.java:252)
	at org.apache.openejb.core.stateless.StatelessContainer.invoke(StatelessContainer.java:212)
	at org.apache.openejb.core.ivm.EjbObjectProxyHandler.synchronizedBusinessMethod(EjbObjectProxyHandler.java:265)
	at org.apache.openejb.core.ivm.EjbObjectProxyHandler.businessMethod(EjbObjectProxyHandler.java:260)
	at org.apache.openejb.core.ivm.EjbObjectProxyHandler._invoke(EjbObjectProxyHandler.java:89)
	at org.apache.openejb.core.ivm.BaseEjbProxyHandler.invoke(BaseEjbProxyHandler.java:347)
	at controller.ImageController$$LocalBeanProxy.findByPath(controller/ImageController.java)
	at view.ImageServlet.doGet(ImageServlet.java:29)
	at javax.servlet.http.HttpServlet.service(HttpServlet.java:635)
	at javax.servlet.http.HttpServlet.service(HttpServlet.java:742)
	at org.apache.catalina.core.ApplicationFilterChain.internalDoFilter(ApplicationFilterChain.java:231)
	at org.apache.catalina.core.ApplicationFilterChain.doFilter(ApplicationFilterChain.java:166)
	at org.apache.tomcat.websocket.server.WsFilter.doFilter(WsFilter.java:52)
	at org.apache.catalina.core.ApplicationFilterChain.internalDoFilter(ApplicationFilterChain.java:193)
	at org.apache.catalina.core.ApplicationFilterChain.doFilter(ApplicationFilterChain.java:166)
	at org.apache.openejb.server.httpd.EEFilter.doFilter(EEFilter.java:65)
	at org.apache.catalina.core.ApplicationFilterChain.internalDoFilter(ApplicationFilterChain.java:193)
	at org.apache.catalina.core.ApplicationFilterChain.doFilter(ApplicationFilterChain.java:166)
	at org.apache.catalina.core.StandardWrapperValve.invoke(StandardWrapperValve.java:198)
	at org.apache.catalina.core.StandardContextValve.invoke(StandardContextValve.java:96)
	at org.apache.tomee.catalina.OpenEJBValve.invoke(OpenEJBValve.java:44)
	at org.apache.catalina.authenticator.AuthenticatorBase.invoke(AuthenticatorBase.java:478)
	at org.apache.catalina.core.StandardHostValve.invoke(StandardHostValve.java:140)
	at org.apache.catalina.valves.ErrorReportValve.invoke(ErrorReportValve.java:80)
	at org.apache.tomee.catalina.OpenEJBSecurityListener$RequestCapturer.invoke(OpenEJBSecurityListener.java:97)
	at org.apache.catalina.valves.AbstractAccessLogValve.invoke(AbstractAccessLogValve.java:650)
	at org.apache.catalina.core.StandardEngineValve.invoke(StandardEngineValve.java:87)
	at org.apache.catalina.connector.CoyoteAdapter.service(CoyoteAdapter.java:342)
	at org.apache.coyote.http11.Http11Processor.service(Http11Processor.java:799)
	at org.apache.coyote.AbstractProcessorLight.process(AbstractProcessorLight.java:66)
	at org.apache.coyote.AbstractProtocol$ConnectionHandler.process(AbstractProtocol.java:868)
	at org.apache.tomcat.util.net.NioEndpoint$SocketProcessor.doRun(NioEndpoint.java:1457)
	at org.apache.tomcat.util.net.SocketProcessorBase.run(SocketProcessorBase.java:49)
	at java.util.concurrent.ThreadPoolExecutor.runWorker(ThreadPoolExecutor.java:1142)
	at java.util.concurrent.ThreadPoolExecutor$Worker.run(ThreadPoolExecutor.java:617)
	at org.apache.tomcat.util.threads.TaskThread$WrappingRunnable.run(TaskThread.java:61)
	at java.lang.Thread.run(Thread.java:748)

19-Nov-2017 14:30:39.050 GRAVE [http-nio-8080-exec-5] org.apache.openejb.core.transaction.EjbTransactionUtil.handleSystemException EjbTransactionUtil.handleSystemException: Query "Select i From Image i Where i.path = :path" selected no result, but expected unique result.
 javax.persistence.NoResultException: Query "Select i From Image i Where i.path = :path" selected no result, but expected unique result.
	at org.apache.openjpa.persistence.QueryImpl.getSingleResult(QueryImpl.java:320)
	at controller.ImageController.findByPath(ImageController.java:75)
	at sun.reflect.NativeMethodAccessorImpl.invoke0(Native Method)
	at sun.reflect.NativeMethodAccessorImpl.invoke(NativeMethodAccessorImpl.java:62)
	at sun.reflect.DelegatingMethodAccessorImpl.invoke(DelegatingMethodAccessorImpl.java:43)
	at java.lang.reflect.Method.invoke(Method.java:498)
	at org.apache.openejb.core.interceptor.ReflectionInvocationContext$Invocation.invoke(ReflectionInvocationContext.java:205)
	at org.apache.openejb.core.interceptor.ReflectionInvocationContext.proceed(ReflectionInvocationContext.java:186)
	at org.apache.openejb.monitoring.StatsInterceptor.record(StatsInterceptor.java:181)
	at org.apache.openejb.monitoring.StatsInterceptor.invoke(StatsInterceptor.java:100)
	at sun.reflect.GeneratedMethodAccessor90.invoke(Unknown Source)
	at sun.reflect.DelegatingMethodAccessorImpl.invoke(DelegatingMethodAccessorImpl.java:43)
	at java.lang.reflect.Method.invoke(Method.java:498)
	at org.apache.openejb.core.interceptor.ReflectionInvocationContext$Invocation.invoke(ReflectionInvocationContext.java:205)
	at org.apache.openejb.core.interceptor.ReflectionInvocationContext.proceed(ReflectionInvocationContext.java:186)
	at org.apache.openejb.core.interceptor.InterceptorStack.invoke(InterceptorStack.java:85)
	at org.apache.openejb.core.stateless.StatelessContainer._invoke(StatelessContainer.java:252)
	at org.apache.openejb.core.stateless.StatelessContainer.invoke(StatelessContainer.java:212)
	at org.apache.openejb.core.ivm.EjbObjectProxyHandler.synchronizedBusinessMethod(EjbObjectProxyHandler.java:265)
	at org.apache.openejb.core.ivm.EjbObjectProxyHandler.businessMethod(EjbObjectProxyHandler.java:260)
	at org.apache.openejb.core.ivm.EjbObjectProxyHandler._invoke(EjbObjectProxyHandler.java:89)
	at org.apache.openejb.core.ivm.BaseEjbProxyHandler.invoke(BaseEjbProxyHandler.java:347)
	at controller.ImageController$$LocalBeanProxy.findByPath(controller/ImageController.java)
	at view.ImageServlet.doGet(ImageServlet.java:29)
	at javax.servlet.http.HttpServlet.service(HttpServlet.java:635)
	at javax.servlet.http.HttpServlet.service(HttpServlet.java:742)
	at org.apache.catalina.core.ApplicationFilterChain.internalDoFilter(ApplicationFilterChain.java:231)
	at org.apache.catalina.core.ApplicationFilterChain.doFilter(ApplicationFilterChain.java:166)
	at org.apache.tomcat.websocket.server.WsFilter.doFilter(WsFilter.java:52)
	at org.apache.catalina.core.ApplicationFilterChain.internalDoFilter(ApplicationFilterChain.java:193)
	at org.apache.catalina.core.ApplicationFilterChain.doFilter(ApplicationFilterChain.java:166)
	at org.apache.openejb.server.httpd.EEFilter.doFilter(EEFilter.java:65)
	at org.apache.catalina.core.ApplicationFilterChain.internalDoFilter(ApplicationFilterChain.java:193)
	at org.apache.catalina.core.ApplicationFilterChain.doFilter(ApplicationFilterChain.java:166)
	at org.apache.catalina.core.StandardWrapperValve.invoke(StandardWrapperValve.java:198)
	at org.apache.catalina.core.StandardContextValve.invoke(StandardContextValve.java:96)
	at org.apache.tomee.catalina.OpenEJBValve.invoke(OpenEJBValve.java:44)
	at org.apache.catalina.authenticator.AuthenticatorBase.invoke(AuthenticatorBase.java:478)
	at org.apache.catalina.core.StandardHostValve.invoke(StandardHostValve.java:140)
	at org.apache.catalina.valves.ErrorReportValve.invoke(ErrorReportValve.java:80)
	at org.apache.tomee.catalina.OpenEJBSecurityListener$RequestCapturer.invoke(OpenEJBSecurityListener.java:97)
	at org.apache.catalina.valves.AbstractAccessLogValve.invoke(AbstractAccessLogValve.java:650)
	at org.apache.catalina.core.StandardEngineValve.invoke(StandardEngineValve.java:87)
	at org.apache.catalina.connector.CoyoteAdapter.service(CoyoteAdapter.java:342)
	at org.apache.coyote.http11.Http11Processor.service(Http11Processor.java:799)
	at org.apache.coyote.AbstractProcessorLight.process(AbstractProcessorLight.java:66)
	at org.apache.coyote.AbstractProtocol$ConnectionHandler.process(AbstractProtocol.java:868)
	at org.apache.tomcat.util.net.NioEndpoint$SocketProcessor.doRun(NioEndpoint.java:1457)
	at org.apache.tomcat.util.net.SocketProcessorBase.run(SocketProcessorBase.java:49)
	at java.util.concurrent.ThreadPoolExecutor.runWorker(ThreadPoolExecutor.java:1142)
	at java.util.concurrent.ThreadPoolExecutor$Worker.run(ThreadPoolExecutor.java:617)
	at org.apache.tomcat.util.threads.TaskThread$WrappingRunnable.run(TaskThread.java:61)
	at java.lang.Thread.run(Thread.java:748)

19-Nov-2017 14:30:49.304 GRAVE [http-nio-8080-exec-9] org.apache.openejb.core.transaction.EjbTransactionUtil.handleSystemException EjbTransactionUtil.handleSystemException: Query "Select i From Image i Where i.path = :path" selected no result, but expected unique result.
 javax.persistence.NoResultException: Query "Select i From Image i Where i.path = :path" selected no result, but expected unique result.
	at org.apache.openjpa.persistence.QueryImpl.getSingleResult(QueryImpl.java:320)
	at controller.ImageController.findByPath(ImageController.java:75)
	at sun.reflect.NativeMethodAccessorImpl.invoke0(Native Method)
	at sun.reflect.NativeMethodAccessorImpl.invoke(NativeMethodAccessorImpl.java:62)
	at sun.reflect.DelegatingMethodAccessorImpl.invoke(DelegatingMethodAccessorImpl.java:43)
	at java.lang.reflect.Method.invoke(Method.java:498)
	at org.apache.openejb.core.interceptor.ReflectionInvocationContext$Invocation.invoke(ReflectionInvocationContext.java:205)
	at org.apache.openejb.core.interceptor.ReflectionInvocationContext.proceed(ReflectionInvocationContext.java:186)
	at org.apache.openejb.monitoring.StatsInterceptor.record(StatsInterceptor.java:181)
	at org.apache.openejb.monitoring.StatsInterceptor.invoke(StatsInterceptor.java:100)
	at sun.reflect.GeneratedMethodAccessor90.invoke(Unknown Source)
	at sun.reflect.DelegatingMethodAccessorImpl.invoke(DelegatingMethodAccessorImpl.java:43)
	at java.lang.reflect.Method.invoke(Method.java:498)
	at org.apache.openejb.core.interceptor.ReflectionInvocationContext$Invocation.invoke(ReflectionInvocationContext.java:205)
	at org.apache.openejb.core.interceptor.ReflectionInvocationContext.proceed(ReflectionInvocationContext.java:186)
	at org.apache.openejb.core.interceptor.InterceptorStack.invoke(InterceptorStack.java:85)
	at org.apache.openejb.core.stateless.StatelessContainer._invoke(StatelessContainer.java:252)
	at org.apache.openejb.core.stateless.StatelessContainer.invoke(StatelessContainer.java:212)
	at org.apache.openejb.core.ivm.EjbObjectProxyHandler.synchronizedBusinessMethod(EjbObjectProxyHandler.java:265)
	at org.apache.openejb.core.ivm.EjbObjectProxyHandler.businessMethod(EjbObjectProxyHandler.java:260)
	at org.apache.openejb.core.ivm.EjbObjectProxyHandler._invoke(EjbObjectProxyHandler.java:89)
	at org.apache.openejb.core.ivm.BaseEjbProxyHandler.invoke(BaseEjbProxyHandler.java:347)
	at controller.ImageController$$LocalBeanProxy.findByPath(controller/ImageController.java)
	at view.ImageServlet.doGet(ImageServlet.java:29)
	at javax.servlet.http.HttpServlet.service(HttpServlet.java:635)
	at javax.servlet.http.HttpServlet.service(HttpServlet.java:742)
	at org.apache.catalina.core.ApplicationFilterChain.internalDoFilter(ApplicationFilterChain.java:231)
	at org.apache.catalina.core.ApplicationFilterChain.doFilter(ApplicationFilterChain.java:166)
	at org.apache.tomcat.websocket.server.WsFilter.doFilter(WsFilter.java:52)
	at org.apache.catalina.core.ApplicationFilterChain.internalDoFilter(ApplicationFilterChain.java:193)
	at org.apache.catalina.core.ApplicationFilterChain.doFilter(ApplicationFilterChain.java:166)
	at org.apache.openejb.server.httpd.EEFilter.doFilter(EEFilter.java:65)
	at org.apache.catalina.core.ApplicationFilterChain.internalDoFilter(ApplicationFilterChain.java:193)
	at org.apache.catalina.core.ApplicationFilterChain.doFilter(ApplicationFilterChain.java:166)
	at org.apache.catalina.core.StandardWrapperValve.invoke(StandardWrapperValve.java:198)
	at org.apache.catalina.core.StandardContextValve.invoke(StandardContextValve.java:96)
	at org.apache.tomee.catalina.OpenEJBValve.invoke(OpenEJBValve.java:44)
	at org.apache.catalina.authenticator.AuthenticatorBase.invoke(AuthenticatorBase.java:478)
	at org.apache.catalina.core.StandardHostValve.invoke(StandardHostValve.java:140)
	at org.apache.catalina.valves.ErrorReportValve.invoke(ErrorReportValve.java:80)
	at org.apache.tomee.catalina.OpenEJBSecurityListener$RequestCapturer.invoke(OpenEJBSecurityListener.java:97)
	at org.apache.catalina.valves.AbstractAccessLogValve.invoke(AbstractAccessLogValve.java:650)
	at org.apache.catalina.core.StandardEngineValve.invoke(StandardEngineValve.java:87)
	at org.apache.catalina.connector.CoyoteAdapter.service(CoyoteAdapter.java:342)
	at org.apache.coyote.http11.Http11Processor.service(Http11Processor.java:799)
	at org.apache.coyote.AbstractProcessorLight.process(AbstractProcessorLight.java:66)
	at org.apache.coyote.AbstractProtocol$ConnectionHandler.process(AbstractProtocol.java:868)
	at org.apache.tomcat.util.net.NioEndpoint$SocketProcessor.doRun(NioEndpoint.java:1457)
	at org.apache.tomcat.util.net.SocketProcessorBase.run(SocketProcessorBase.java:49)
	at java.util.concurrent.ThreadPoolExecutor.runWorker(ThreadPoolExecutor.java:1142)
	at java.util.concurrent.ThreadPoolExecutor$Worker.run(ThreadPoolExecutor.java:617)
	at org.apache.tomcat.util.threads.TaskThread$WrappingRunnable.run(TaskThread.java:61)
	at java.lang.Thread.run(Thread.java:748)

19-Nov-2017 14:30:49.597 GRAVE [http-nio-8080-exec-10] org.apache.openejb.core.transaction.EjbTransactionUtil.handleSystemException EjbTransactionUtil.handleSystemException: Query "Select i From Image i Where i.path = :path" selected no result, but expected unique result.
 javax.persistence.NoResultException: Query "Select i From Image i Where i.path = :path" selected no result, but expected unique result.
	at org.apache.openjpa.persistence.QueryImpl.getSingleResult(QueryImpl.java:320)
	at controller.ImageController.findByPath(ImageController.java:75)
	at sun.reflect.NativeMethodAccessorImpl.invoke0(Native Method)
	at sun.reflect.NativeMethodAccessorImpl.invoke(NativeMethodAccessorImpl.java:62)
	at sun.reflect.DelegatingMethodAccessorImpl.invoke(DelegatingMethodAccessorImpl.java:43)
	at java.lang.reflect.Method.invoke(Method.java:498)
	at org.apache.openejb.core.interceptor.ReflectionInvocationContext$Invocation.invoke(ReflectionInvocationContext.java:205)
	at org.apache.openejb.core.interceptor.ReflectionInvocationContext.proceed(ReflectionInvocationContext.java:186)
	at org.apache.openejb.monitoring.StatsInterceptor.record(StatsInterceptor.java:181)
	at org.apache.openejb.monitoring.StatsInterceptor.invoke(StatsInterceptor.java:100)
	at sun.reflect.GeneratedMethodAccessor90.invoke(Unknown Source)
	at sun.reflect.DelegatingMethodAccessorImpl.invoke(DelegatingMethodAccessorImpl.java:43)
	at java.lang.reflect.Method.invoke(Method.java:498)
	at org.apache.openejb.core.interceptor.ReflectionInvocationContext$Invocation.invoke(ReflectionInvocationContext.java:205)
	at org.apache.openejb.core.interceptor.ReflectionInvocationContext.proceed(ReflectionInvocationContext.java:186)
	at org.apache.openejb.core.interceptor.InterceptorStack.invoke(InterceptorStack.java:85)
	at org.apache.openejb.core.stateless.StatelessContainer._invoke(StatelessContainer.java:252)
	at org.apache.openejb.core.stateless.StatelessContainer.invoke(StatelessContainer.java:212)
	at org.apache.openejb.core.ivm.EjbObjectProxyHandler.synchronizedBusinessMethod(EjbObjectProxyHandler.java:265)
	at org.apache.openejb.core.ivm.EjbObjectProxyHandler.businessMethod(EjbObjectProxyHandler.java:260)
	at org.apache.openejb.core.ivm.EjbObjectProxyHandler._invoke(EjbObjectProxyHandler.java:89)
	at org.apache.openejb.core.ivm.BaseEjbProxyHandler.invoke(BaseEjbProxyHandler.java:347)
	at controller.ImageController$$LocalBeanProxy.findByPath(controller/ImageController.java)
	at view.ImageServlet.doGet(ImageServlet.java:29)
	at javax.servlet.http.HttpServlet.service(HttpServlet.java:635)
	at javax.servlet.http.HttpServlet.service(HttpServlet.java:742)
	at org.apache.catalina.core.ApplicationFilterChain.internalDoFilter(ApplicationFilterChain.java:231)
	at org.apache.catalina.core.ApplicationFilterChain.doFilter(ApplicationFilterChain.java:166)
	at org.apache.tomcat.websocket.server.WsFilter.doFilter(WsFilter.java:52)
	at org.apache.catalina.core.ApplicationFilterChain.internalDoFilter(ApplicationFilterChain.java:193)
	at org.apache.catalina.core.ApplicationFilterChain.doFilter(ApplicationFilterChain.java:166)
	at org.apache.openejb.server.httpd.EEFilter.doFilter(EEFilter.java:65)
	at org.apache.catalina.core.ApplicationFilterChain.internalDoFilter(ApplicationFilterChain.java:193)
	at org.apache.catalina.core.ApplicationFilterChain.doFilter(ApplicationFilterChain.java:166)
	at org.apache.catalina.core.StandardWrapperValve.invoke(StandardWrapperValve.java:198)
	at org.apache.catalina.core.StandardContextValve.invoke(StandardContextValve.java:96)
	at org.apache.tomee.catalina.OpenEJBValve.invoke(OpenEJBValve.java:44)
	at org.apache.catalina.authenticator.AuthenticatorBase.invoke(AuthenticatorBase.java:478)
	at org.apache.catalina.core.StandardHostValve.invoke(StandardHostValve.java:140)
	at org.apache.catalina.valves.ErrorReportValve.invoke(ErrorReportValve.java:80)
	at org.apache.tomee.catalina.OpenEJBSecurityListener$RequestCapturer.invoke(OpenEJBSecurityListener.java:97)
	at org.apache.catalina.valves.AbstractAccessLogValve.invoke(AbstractAccessLogValve.java:650)
	at org.apache.catalina.core.StandardEngineValve.invoke(StandardEngineValve.java:87)
	at org.apache.catalina.connector.CoyoteAdapter.service(CoyoteAdapter.java:342)
	at org.apache.coyote.http11.Http11Processor.service(Http11Processor.java:799)
	at org.apache.coyote.AbstractProcessorLight.process(AbstractProcessorLight.java:66)
	at org.apache.coyote.AbstractProtocol$ConnectionHandler.process(AbstractProtocol.java:868)
	at org.apache.tomcat.util.net.NioEndpoint$SocketProcessor.doRun(NioEndpoint.java:1457)
	at org.apache.tomcat.util.net.SocketProcessorBase.run(SocketProcessorBase.java:49)
	at java.util.concurrent.ThreadPoolExecutor.runWorker(ThreadPoolExecutor.java:1142)
	at java.util.concurrent.ThreadPoolExecutor$Worker.run(ThreadPoolExecutor.java:617)
	at org.apache.tomcat.util.threads.TaskThread$WrappingRunnable.run(TaskThread.java:61)
	at java.lang.Thread.run(Thread.java:748)

19-Nov-2017 14:31:00.139 GRAVE [http-nio-8080-exec-6] org.apache.openejb.core.transaction.EjbTransactionUtil.handleSystemException EjbTransactionUtil.handleSystemException: Query "Select i From Image i Where i.path = :path" selected no result, but expected unique result.
 javax.persistence.NoResultException: Query "Select i From Image i Where i.path = :path" selected no result, but expected unique result.
	at org.apache.openjpa.persistence.QueryImpl.getSingleResult(QueryImpl.java:320)
	at controller.ImageController.findByPath(ImageController.java:75)
	at sun.reflect.NativeMethodAccessorImpl.invoke0(Native Method)
	at sun.reflect.NativeMethodAccessorImpl.invoke(NativeMethodAccessorImpl.java:62)
	at sun.reflect.DelegatingMethodAccessorImpl.invoke(DelegatingMethodAccessorImpl.java:43)
	at java.lang.reflect.Method.invoke(Method.java:498)
	at org.apache.openejb.core.interceptor.ReflectionInvocationContext$Invocation.invoke(ReflectionInvocationContext.java:205)
	at org.apache.openejb.core.interceptor.ReflectionInvocationContext.proceed(ReflectionInvocationContext.java:186)
	at org.apache.openejb.monitoring.StatsInterceptor.record(StatsInterceptor.java:181)
	at org.apache.openejb.monitoring.StatsInterceptor.invoke(StatsInterceptor.java:100)
	at sun.reflect.GeneratedMethodAccessor90.invoke(Unknown Source)
	at sun.reflect.DelegatingMethodAccessorImpl.invoke(DelegatingMethodAccessorImpl.java:43)
	at java.lang.reflect.Method.invoke(Method.java:498)
	at org.apache.openejb.core.interceptor.ReflectionInvocationContext$Invocation.invoke(ReflectionInvocationContext.java:205)
	at org.apache.openejb.core.interceptor.ReflectionInvocationContext.proceed(ReflectionInvocationContext.java:186)
	at org.apache.openejb.core.interceptor.InterceptorStack.invoke(InterceptorStack.java:85)
	at org.apache.openejb.core.stateless.StatelessContainer._invoke(StatelessContainer.java:252)
	at org.apache.openejb.core.stateless.StatelessContainer.invoke(StatelessContainer.java:212)
	at org.apache.openejb.core.ivm.EjbObjectProxyHandler.synchronizedBusinessMethod(EjbObjectProxyHandler.java:265)
	at org.apache.openejb.core.ivm.EjbObjectProxyHandler.businessMethod(EjbObjectProxyHandler.java:260)
	at org.apache.openejb.core.ivm.EjbObjectProxyHandler._invoke(EjbObjectProxyHandler.java:89)
	at org.apache.openejb.core.ivm.BaseEjbProxyHandler.invoke(BaseEjbProxyHandler.java:347)
	at controller.ImageController$$LocalBeanProxy.findByPath(controller/ImageController.java)
	at view.ImageServlet.doGet(ImageServlet.java:29)
	at javax.servlet.http.HttpServlet.service(HttpServlet.java:635)
	at javax.servlet.http.HttpServlet.service(HttpServlet.java:742)
	at org.apache.catalina.core.ApplicationFilterChain.internalDoFilter(ApplicationFilterChain.java:231)
	at org.apache.catalina.core.ApplicationFilterChain.doFilter(ApplicationFilterChain.java:166)
	at org.apache.tomcat.websocket.server.WsFilter.doFilter(WsFilter.java:52)
	at org.apache.catalina.core.ApplicationFilterChain.internalDoFilter(ApplicationFilterChain.java:193)
	at org.apache.catalina.core.ApplicationFilterChain.doFilter(ApplicationFilterChain.java:166)
	at org.apache.openejb.server.httpd.EEFilter.doFilter(EEFilter.java:65)
	at org.apache.catalina.core.ApplicationFilterChain.internalDoFilter(ApplicationFilterChain.java:193)
	at org.apache.catalina.core.ApplicationFilterChain.doFilter(ApplicationFilterChain.java:166)
	at org.apache.catalina.core.StandardWrapperValve.invoke(StandardWrapperValve.java:198)
	at org.apache.catalina.core.StandardContextValve.invoke(StandardContextValve.java:96)
	at org.apache.tomee.catalina.OpenEJBValve.invoke(OpenEJBValve.java:44)
	at org.apache.catalina.authenticator.AuthenticatorBase.invoke(AuthenticatorBase.java:478)
	at org.apache.catalina.core.StandardHostValve.invoke(StandardHostValve.java:140)
	at org.apache.catalina.valves.ErrorReportValve.invoke(ErrorReportValve.java:80)
	at org.apache.tomee.catalina.OpenEJBSecurityListener$RequestCapturer.invoke(OpenEJBSecurityListener.java:97)
	at org.apache.catalina.valves.AbstractAccessLogValve.invoke(AbstractAccessLogValve.java:650)
	at org.apache.catalina.core.StandardEngineValve.invoke(StandardEngineValve.java:87)
	at org.apache.catalina.connector.CoyoteAdapter.service(CoyoteAdapter.java:342)
	at org.apache.coyote.http11.Http11Processor.service(Http11Processor.java:799)
	at org.apache.coyote.AbstractProcessorLight.process(AbstractProcessorLight.java:66)
	at org.apache.coyote.AbstractProtocol$ConnectionHandler.process(AbstractProtocol.java:868)
	at org.apache.tomcat.util.net.NioEndpoint$SocketProcessor.doRun(NioEndpoint.java:1457)
	at org.apache.tomcat.util.net.SocketProcessorBase.run(SocketProcessorBase.java:49)
	at java.util.concurrent.ThreadPoolExecutor.runWorker(ThreadPoolExecutor.java:1142)
	at java.util.concurrent.ThreadPoolExecutor$Worker.run(ThreadPoolExecutor.java:617)
	at org.apache.tomcat.util.threads.TaskThread$WrappingRunnable.run(TaskThread.java:61)
	at java.lang.Thread.run(Thread.java:748)

19-Nov-2017 15:10:22.722 INFORMACIÓN [Thread-16] sun.reflect.DelegatingMethodAccessorImpl.invoke Pausing ProtocolHandler ["http-nio-8080"]
19-Nov-2017 15:10:23.429 INFORMACIÓN [main] sun.reflect.DelegatingMethodAccessorImpl.invoke Se ha recibido un comando de apagado a través del puerto de apagado. Parando la instancia del Servidor.
19-Nov-2017 15:10:23.479 INFORMACIÓN [Thread-16] sun.reflect.DelegatingMethodAccessorImpl.invoke Pausing ProtocolHandler ["ajp-nio-8009"]
19-Nov-2017 15:10:23.611 INFORMACIÓN [Thread-16] sun.reflect.DelegatingMethodAccessorImpl.invoke Parando servicio [Catalina]
19-Nov-2017 15:10:24.002 INFORMACIÓN [localhost-startStop-2] org.apache.openejb.assembler.classic.Assembler.destroyApplication Undeploying app: C:\Users\user\Desktop\techblog\target\apache-tomee\webapps\ROOT
19-Nov-2017 15:10:24.891 ADVERTENCIA [localhost-startStop-2] org.apache.catalina.loader.WebappClassLoaderBase.clearReferencesJdbc La aplicación web [ROOT] registró el conductor JDBC [com.mysql.jdbc.Driver] pero falló al anular el registro mientras la aplicación web estaba parada. Para prevenir un fallo de memoria, se ha anulado el registro del conductor JDBC por la fuerza.
19-Nov-2017 15:10:24.941 ADVERTENCIA [localhost-startStop-2] org.apache.catalina.loader.WebappClassLoaderBase.clearReferencesThreads The web application [ROOT] appears to have started a thread named [MySQL Statement Cancellation Timer] but has failed to stop it. This is very likely to create a memory leak. Stack trace of thread:
 java.lang.Object.wait(Native Method)
 java.lang.Object.wait(Object.java:502)
 java.util.TimerThread.mainLoop(Timer.java:526)
 java.util.TimerThread.run(Timer.java:505)
19-Nov-2017 15:10:25.141 INFORMACIÓN [Thread-16] sun.reflect.DelegatingMethodAccessorImpl.invoke Stopping ProtocolHandler ["http-nio-8080"]
19-Nov-2017 15:10:25.182 INFORMACIÓN [Thread-16] sun.reflect.DelegatingMethodAccessorImpl.invoke Stopping ProtocolHandler ["ajp-nio-8009"]
19-Nov-2017 15:10:25.201 INFORMACIÓN [Thread-16] org.apache.openejb.server.SimpleServiceManager.stop Stopping server services
19-Nov-2017 15:10:25.621 INFORMACIÓN [Thread-16] org.apache.openejb.assembler.classic.Assembler.doResourceDestruction Closing DataSource: MysqlDs
19-Nov-2017 15:10:25.721 INFORMACIÓN [Thread-16] org.apache.openejb.assembler.classic.Assembler.doResourceDestruction Closing DataSource: MysqlDsNonJta
19-Nov-2017 15:10:25.801 INFORMACIÓN [Thread-16] org.apache.catalina.loader.WebappClassLoaderBase.checkStateForResourceLoading Acceso ilegal: esta instancia de aplicación web ya ha sido parada.  Could not load [com.mysql.jdbc.profiler.ProfilerEventHandlerFactory].  La eventual traza de pila que sigue ha sido motivada por un error lanzado con motivos de depuración así como para intentar terminar el hilo que motivó el acceso ilegal y no tiene impacto funcional.
 java.lang.IllegalStateException: Acceso ilegal: esta instancia de aplicación web ya ha sido parada.  Could not load [com.mysql.jdbc.profiler.ProfilerEventHandlerFactory].  La eventual traza de pila que sigue ha sido motivada por un error lanzado con motivos de depuración así como para intentar terminar el hilo que motivó el acceso ilegal y no tiene impacto funcional.
	at org.apache.catalina.loader.WebappClassLoaderBase.checkStateForResourceLoading(WebappClassLoaderBase.java:1305)
	at org.apache.catalina.loader.WebappClassLoaderBase.checkStateForClassLoading(WebappClassLoaderBase.java:1293)
	at org.apache.catalina.loader.WebappClassLoaderBase.loadClass(WebappClassLoaderBase.java:1158)
	at org.apache.tomee.catalina.TomEEWebappClassLoader.loadClass(TomEEWebappClassLoader.java:208)
	at org.apache.catalina.loader.WebappClassLoaderBase.loadClass(WebappClassLoaderBase.java:1119)
	at com.mysql.jdbc.ConnectionImpl.realClose(ConnectionImpl.java:4273)
	at com.mysql.jdbc.ConnectionImpl.close(ConnectionImpl.java:1444)
	at org.apache.tomcat.jdbc.pool.PooledConnection.disconnect(PooledConnection.java:377)
	at org.apache.tomcat.jdbc.pool.PooledConnection.release(PooledConnection.java:567)
	at org.apache.tomcat.jdbc.pool.ConnectionPool.release(ConnectionPool.java:611)
	at org.apache.tomcat.jdbc.pool.ConnectionPool.close(ConnectionPool.java:398)
	at org.apache.tomcat.jdbc.pool.DataSourceProxy.close(DataSourceProxy.java:231)
	at org.apache.tomee.jdbc.TomEEDataSourceCreator.doDestroy(TomEEDataSourceCreator.java:79)
	at org.apache.openejb.resource.jdbc.pool.PoolDataSourceCreator.destroy(PoolDataSourceCreator.java:88)
	at org.apache.openejb.resource.jdbc.DataSourceFactory.destroy(DataSourceFactory.java:517)
	at org.apache.openejb.assembler.classic.Assembler.doResourceDestruction(Assembler.java:2105)
	at org.apache.openejb.assembler.classic.Assembler.destroyResource(Assembler.java:2010)
	at org.apache.openejb.assembler.classic.Assembler.destroyResourceTree(Assembler.java:1959)
	at org.apache.openejb.assembler.classic.Assembler.destroy(Assembler.java:1885)
	at org.apache.openejb.OpenEJB.destroy(OpenEJB.java:266)
	at org.apache.tomee.catalina.TomcatLoader.destroy(TomcatLoader.java:394)
	at org.apache.tomee.catalina.TomcatWebAppBuilder.afterStop(TomcatWebAppBuilder.java:2128)
	at org.apache.tomee.catalina.GlobalListenerSupport.lifecycleEvent(GlobalListenerSupport.java:165)
	at org.apache.catalina.util.LifecycleBase.fireLifecycleEvent(LifecycleBase.java:94)
	at org.apache.catalina.util.LifecycleBase.setStateInternal(LifecycleBase.java:395)
	at org.apache.catalina.util.LifecycleBase.stop(LifecycleBase.java:234)
	at org.apache.catalina.startup.Catalina.stop(Catalina.java:729)
	at org.apache.catalina.startup.Catalina$CatalinaShutdownHook.run(Catalina.java:830)

19-Nov-2017 15:10:25.861 INFORMACIÓN [Thread-16] sun.reflect.DelegatingMethodAccessorImpl.invoke Destroying ProtocolHandler ["http-nio-8080"]
19-Nov-2017 15:10:25.861 INFORMACIÓN [Thread-16] sun.reflect.DelegatingMethodAccessorImpl.invoke Destroying ProtocolHandler ["ajp-nio-8009"]
