oct 19, 2017 4:47:16 PM org.apache.catalina.core.AprLifecycleListener init
INFORMACIÓN: La biblioteca nativa de Apache Tomcat basada en ARP que permite un rendimiento óptimo en entornos de desarrollo no ha sido hallada en java.library.path: C:\Program Files\Java\jdk1.8.0_131\jre\bin;C:\Windows\Sun\Java\bin;C:\Windows\system32;C:\Windows;C:\xampp\php; C:\Program Files (x86)\apache-maven-3.5.0\bin;C:\Program Files (x86)\Skype\Phone\;C:\xampp\php\;C:\Users\user\AppData\Roaming\Composer\vendor\bin;C:\Program Files (x86)\apache-maven-3.5.0\bin;.
oct 19, 2017 4:47:17 PM org.apache.coyote.AbstractProtocol init
INFORMACIÓN: Initializing ProtocolHandler ["http-bio-8080"]
oct 19, 2017 4:47:17 PM org.apache.coyote.AbstractProtocol init
INFORMACIÓN: Initializing ProtocolHandler ["ajp-bio-8009"]
oct 19, 2017 4:47:18 PM org.apache.openejb.util.OptionsLog info
INFORMACIÓN: Using 'tomee.force-reloadable=true'
oct 19, 2017 4:47:18 PM org.apache.openejb.util.OptionsLog info
INFORMACIÓN: Using 'tomee.remote.support=true'
oct 19, 2017 4:47:18 PM org.apache.openejb.util.OptionsLog info
INFORMACIÓN: Using 'openejb.jdbc.datasource-creator=org.apache.tomee.jdbc.TomEEDataSourceCreator'
oct 19, 2017 4:47:18 PM org.apache.openejb.OpenEJB$Instance <init>
INFORMACIÓN: ********************************************************************************
oct 19, 2017 4:47:18 PM org.apache.openejb.OpenEJB$Instance <init>
INFORMACIÓN: OpenEJB http://openejb.apache.org/
oct 19, 2017 4:47:18 PM org.apache.openejb.OpenEJB$Instance <init>
INFORMACIÓN: Startup: Thu Oct 19 16:47:18 ART 2017
oct 19, 2017 4:47:18 PM org.apache.openejb.OpenEJB$Instance <init>
INFORMACIÓN: Copyright 1999-2013 (C) Apache OpenEJB Project, All Rights Reserved.
oct 19, 2017 4:47:18 PM org.apache.openejb.OpenEJB$Instance <init>
INFORMACIÓN: Version: 4.7.0
oct 19, 2017 4:47:18 PM org.apache.openejb.OpenEJB$Instance <init>
INFORMACIÓN: Build date: 20140810
oct 19, 2017 4:47:18 PM org.apache.openejb.OpenEJB$Instance <init>
INFORMACIÓN: Build time: 12:40
oct 19, 2017 4:47:18 PM org.apache.openejb.OpenEJB$Instance <init>
INFORMACIÓN: ********************************************************************************
oct 19, 2017 4:47:18 PM org.apache.openejb.OpenEJB$Instance <init>
INFORMACIÓN: openejb.home = C:\Users\user\Desktop\davinci-maven-master\target\apache-tomee
oct 19, 2017 4:47:18 PM org.apache.openejb.OpenEJB$Instance <init>
INFORMACIÓN: openejb.base = C:\Users\user\Desktop\davinci-maven-master\target\apache-tomee
oct 19, 2017 4:47:18 PM org.apache.openejb.cdi.CdiBuilder initializeOWB
INFORMACIÓN: Created new singletonService org.apache.openejb.cdi.ThreadSingletonServiceImpl@60438a68
oct 19, 2017 4:47:18 PM org.apache.openejb.cdi.CdiBuilder initializeOWB
INFORMACIÓN: Succeeded in installing singleton service
oct 19, 2017 4:47:18 PM org.apache.openejb.config.ConfigurationFactory init
INFORMACIÓN: openejb configuration file is 'C:\Users\user\Desktop\davinci-maven-master\target\apache-tomee\conf\tomee.xml'
oct 19, 2017 4:47:18 PM org.apache.openejb.config.ConfigurationFactory configureService
INFORMACIÓN: Configuring Service(id=Tomcat Security Service, type=SecurityService, provider-id=Tomcat Security Service)
oct 19, 2017 4:47:18 PM org.apache.openejb.config.ConfigurationFactory configureService
INFORMACIÓN: Configuring Service(id=Default Transaction Manager, type=TransactionManager, provider-id=Default Transaction Manager)
oct 19, 2017 4:47:18 PM org.apache.openejb.util.OptionsLog info
INFORMACIÓN: Using 'openejb.system.apps=true'
oct 19, 2017 4:47:18 PM org.apache.openejb.config.ConfigurationFactory configureApplication
INFORMACIÓN: Configuring enterprise application: openejb
oct 19, 2017 4:47:19 PM org.apache.openejb.config.InitEjbDeployments deploy
INFORMACIÓN: Using openejb.deploymentId.format '{ejbName}'
oct 19, 2017 4:47:19 PM org.apache.openejb.config.InitEjbDeployments deploy
INFORMACIÓN: Auto-deploying ejb openejb/Deployer: EjbDeployment(deployment-id=openejb/Deployer)
oct 19, 2017 4:47:19 PM org.apache.openejb.config.InitEjbDeployments deploy
INFORMACIÓN: Auto-deploying ejb openejb/ConfigurationInfo: EjbDeployment(deployment-id=openejb/ConfigurationInfo)
oct 19, 2017 4:47:19 PM org.apache.openejb.config.InitEjbDeployments deploy
INFORMACIÓN: Auto-deploying ejb MEJB: EjbDeployment(deployment-id=MEJB)
oct 19, 2017 4:47:19 PM org.apache.openejb.config.ConfigurationFactory configureService
INFORMACIÓN: Configuring Service(id=Default Stateless Container, type=Container, provider-id=Default Stateless Container)
oct 19, 2017 4:47:19 PM org.apache.openejb.config.AutoConfig createContainer
INFORMACIÓN: Auto-creating a container for bean openejb/Deployer: Container(type=STATELESS, id=Default Stateless Container)
oct 19, 2017 4:47:19 PM org.apache.openejb.config.AppInfoBuilder build
INFORMACIÓN: Enterprise application "openejb" loaded.
oct 19, 2017 4:47:19 PM org.apache.openejb.assembler.classic.Assembler createRecipe
INFORMACIÓN: Creating TransactionManager(id=Default Transaction Manager)
oct 19, 2017 4:47:19 PM org.apache.openejb.assembler.classic.Assembler createRecipe
INFORMACIÓN: Creating SecurityService(id=Tomcat Security Service)
oct 19, 2017 4:47:19 PM org.apache.openejb.assembler.classic.Assembler createRecipe
INFORMACIÓN: Creating Container(id=Default Stateless Container)
oct 19, 2017 4:47:19 PM org.apache.openejb.assembler.classic.Assembler createApplication
INFORMACIÓN: Assembling app: openejb
oct 19, 2017 4:47:19 PM org.apache.openejb.util.OptionsLog info
INFORMACIÓN: Using 'openejb.jndiname.format={deploymentId}{interfaceType.openejbLegacyName}'
oct 19, 2017 4:47:19 PM org.apache.openejb.assembler.classic.JndiBuilder bind
INFORMACIÓN: Jndi(name=openejb/DeployerBusinessRemote) --> Ejb(deployment-id=openejb/Deployer)
oct 19, 2017 4:47:19 PM org.apache.openejb.assembler.classic.JndiBuilder bind
INFORMACIÓN: Jndi(name=global/openejb/openejb/Deployer!org.apache.openejb.assembler.Deployer) --> Ejb(deployment-id=openejb/Deployer)
oct 19, 2017 4:47:19 PM org.apache.openejb.assembler.classic.JndiBuilder bind
INFORMACIÓN: Jndi(name=global/openejb/openejb/Deployer) --> Ejb(deployment-id=openejb/Deployer)
oct 19, 2017 4:47:19 PM org.apache.openejb.assembler.classic.JndiBuilder bind
INFORMACIÓN: Jndi(name=openejb/ConfigurationInfoBusinessRemote) --> Ejb(deployment-id=openejb/ConfigurationInfo)
oct 19, 2017 4:47:19 PM org.apache.openejb.assembler.classic.JndiBuilder bind
INFORMACIÓN: Jndi(name=global/openejb/openejb/ConfigurationInfo!org.apache.openejb.assembler.classic.cmd.ConfigurationInfo) --> Ejb(deployment-id=openejb/ConfigurationInfo)
oct 19, 2017 4:47:19 PM org.apache.openejb.assembler.classic.JndiBuilder bind
INFORMACIÓN: Jndi(name=global/openejb/openejb/ConfigurationInfo) --> Ejb(deployment-id=openejb/ConfigurationInfo)
oct 19, 2017 4:47:19 PM org.apache.openejb.assembler.classic.JndiBuilder bind
INFORMACIÓN: Jndi(name=MEJB) --> Ejb(deployment-id=MEJB)
oct 19, 2017 4:47:19 PM org.apache.openejb.assembler.classic.JndiBuilder bind
INFORMACIÓN: Jndi(name=global/openejb/MEJB!javax.management.j2ee.ManagementHome) --> Ejb(deployment-id=MEJB)
oct 19, 2017 4:47:19 PM org.apache.openejb.assembler.classic.JndiBuilder bind
INFORMACIÓN: Jndi(name=global/openejb/MEJB) --> Ejb(deployment-id=MEJB)
oct 19, 2017 4:47:19 PM org.apache.openejb.assembler.classic.Assembler startEjbs
INFORMACIÓN: Created Ejb(deployment-id=MEJB, ejb-name=MEJB, container=Default Stateless Container)
oct 19, 2017 4:47:19 PM org.apache.openejb.assembler.classic.Assembler startEjbs
INFORMACIÓN: Created Ejb(deployment-id=openejb/ConfigurationInfo, ejb-name=openejb/ConfigurationInfo, container=Default Stateless Container)
oct 19, 2017 4:47:19 PM org.apache.openejb.assembler.classic.Assembler startEjbs
INFORMACIÓN: Created Ejb(deployment-id=openejb/Deployer, ejb-name=openejb/Deployer, container=Default Stateless Container)
oct 19, 2017 4:47:19 PM org.apache.openejb.assembler.classic.Assembler startEjbs
INFORMACIÓN: Started Ejb(deployment-id=MEJB, ejb-name=MEJB, container=Default Stateless Container)
oct 19, 2017 4:47:20 PM org.apache.openejb.assembler.classic.Assembler startEjbs
INFORMACIÓN: Started Ejb(deployment-id=openejb/ConfigurationInfo, ejb-name=openejb/ConfigurationInfo, container=Default Stateless Container)
oct 19, 2017 4:47:20 PM org.apache.openejb.assembler.classic.Assembler startEjbs
INFORMACIÓN: Started Ejb(deployment-id=openejb/Deployer, ejb-name=openejb/Deployer, container=Default Stateless Container)
oct 19, 2017 4:47:20 PM org.apache.openejb.assembler.classic.Assembler deployMBean
INFORMACIÓN: Deployed MBean(openejb.user.mbeans:application=openejb,group=org.apache.openejb.assembler.monitoring,name=JMXDeployer)
oct 19, 2017 4:47:20 PM org.apache.openejb.assembler.classic.Assembler createApplication
INFORMACIÓN: Deployed Application(path=openejb)
oct 19, 2017 4:47:20 PM org.apache.openejb.server.SimpleServiceManager start
INFORMACIÓN:   ** Bound Services **
oct 19, 2017 4:47:20 PM org.apache.openejb.server.SimpleServiceManager printRow
INFORMACIÓN:   NAME                 IP              PORT  
oct 19, 2017 4:47:20 PM org.apache.openejb.server.SimpleServiceManager start
INFORMACIÓN: -------
oct 19, 2017 4:47:20 PM org.apache.openejb.server.SimpleServiceManager start
INFORMACIÓN: Ready!
oct 19, 2017 4:47:20 PM org.apache.catalina.startup.Catalina load
INFORMACIÓN: Initialization processed in 3716 ms
oct 19, 2017 4:47:20 PM org.apache.tomee.catalina.OpenEJBNamingContextListener bindResource
INFORMACIÓN: Importing a Tomcat Resource with id 'UserDatabase' of type 'org.apache.catalina.UserDatabase'.
oct 19, 2017 4:47:20 PM org.apache.openejb.assembler.classic.Assembler createRecipe
INFORMACIÓN: Creating Resource(id=UserDatabase)
oct 19, 2017 4:47:20 PM org.apache.catalina.core.StandardService startInternal
INFORMACIÓN: Arrancando servicio Catalina
oct 19, 2017 4:47:20 PM org.apache.catalina.core.StandardEngine startInternal
INFORMACIÓN: Starting Servlet Engine: Apache Tomcat (TomEE)/7.0.55 (1.7.0)
oct 19, 2017 4:47:20 PM org.apache.catalina.startup.HostConfig deployWAR
INFORMACIÓN: Despliegue del archivo C:\Users\user\Desktop\davinci-maven-master\target\apache-tomee\webapps\ROOT.war de la aplicación web
oct 19, 2017 4:47:20 PM org.apache.tomee.catalina.TomcatWebAppBuilder init
INFORMACIÓN: ------------------------- localhost -> /
oct 19, 2017 4:47:20 PM org.apache.openejb.util.JarExtractor extract
INFORMACIÓN: Extracting jar: C:\Users\user\Desktop\davinci-maven-master\target\apache-tomee\webapps\ROOT.war
oct 19, 2017 4:47:20 PM org.apache.openejb.util.JarExtractor extract
INFORMACIÓN: Extracted path: C:\Users\user\Desktop\davinci-maven-master\target\apache-tomee\webapps\ROOT
oct 19, 2017 4:47:20 PM org.apache.openejb.util.OptionsLog info
INFORMACIÓN: Using 'openejb.session.manager=org.apache.tomee.catalina.session.QuickSessionManager'
oct 19, 2017 4:47:20 PM org.apache.openejb.config.ConfigurationFactory configureApplication
INFORMACIÓN: Configuring enterprise application: C:\Users\user\Desktop\davinci-maven-master\target\apache-tomee\webapps\ROOT
oct 19, 2017 4:47:20 PM org.apache.openejb.config.InitEjbDeployments deploy
INFORMACIÓN: Auto-deploying ejb UserController: EjbDeployment(deployment-id=UserController)
oct 19, 2017 4:47:20 PM org.apache.openejb.config.InitEjbDeployments deploy
INFORMACIÓN: Auto-deploying ejb PostController: EjbDeployment(deployment-id=PostController)
oct 19, 2017 4:47:20 PM org.apache.openejb.config.ConfigurationFactory configureService
INFORMACIÓN: Configuring Service(id=Default Managed Container, type=Container, provider-id=Default Managed Container)
oct 19, 2017 4:47:20 PM org.apache.openejb.config.AutoConfig createContainer
INFORMACIÓN: Auto-creating a container for bean .Comp558112086: Container(type=MANAGED, id=Default Managed Container)
oct 19, 2017 4:47:20 PM org.apache.openejb.assembler.classic.Assembler createRecipe
INFORMACIÓN: Creating Container(id=Default Managed Container)
oct 19, 2017 4:47:20 PM org.apache.openejb.core.managed.SimplePassivater init
INFORMACIÓN: Using directory C:\Users\user\Desktop\davinci-maven-master\target\apache-tomee\temp for stateful session passivation
oct 19, 2017 4:47:20 PM org.apache.openejb.config.AppInfoBuilder build
INFORMACIÓN: Enterprise application "C:\Users\user\Desktop\davinci-maven-master\target\apache-tomee\webapps\ROOT" loaded.
oct 19, 2017 4:47:20 PM org.apache.openejb.assembler.classic.Assembler createApplication
INFORMACIÓN: Assembling app: C:\Users\user\Desktop\davinci-maven-master\target\apache-tomee\webapps\ROOT
oct 19, 2017 4:47:20 PM org.apache.openejb.assembler.classic.JndiBuilder bind
INFORMACIÓN: Jndi(name=UserControllerLocalBean) --> Ejb(deployment-id=UserController)
oct 19, 2017 4:47:20 PM org.apache.openejb.assembler.classic.JndiBuilder bind
INFORMACIÓN: Jndi(name=global//UserController!controller.UserController) --> Ejb(deployment-id=UserController)
oct 19, 2017 4:47:20 PM org.apache.openejb.assembler.classic.JndiBuilder bind
INFORMACIÓN: Jndi(name=global//UserController) --> Ejb(deployment-id=UserController)
oct 19, 2017 4:47:20 PM org.apache.openejb.assembler.classic.JndiBuilder bind
INFORMACIÓN: Jndi(name=PostControllerLocalBean) --> Ejb(deployment-id=PostController)
oct 19, 2017 4:47:20 PM org.apache.openejb.assembler.classic.JndiBuilder bind
INFORMACIÓN: Jndi(name=global//PostController!controller.PostController) --> Ejb(deployment-id=PostController)
oct 19, 2017 4:47:20 PM org.apache.openejb.assembler.classic.JndiBuilder bind
INFORMACIÓN: Jndi(name=global//PostController) --> Ejb(deployment-id=PostController)
oct 19, 2017 4:47:20 PM org.apache.openejb.cdi.CdiBuilder initSingleton
INFORMACIÓN: Existing thread singleton service in SystemInstance(): org.apache.openejb.cdi.ThreadSingletonServiceImpl@60438a68
oct 19, 2017 4:47:20 PM org.apache.openejb.cdi.OpenEJBLifecycle startApplication
INFORMACIÓN: OpenWebBeans Container is starting...
oct 19, 2017 4:47:20 PM org.apache.webbeans.plugins.PluginLoader startUp
INFORMACIÓN: Adding OpenWebBeansPlugin : [CdiPlugin]
oct 19, 2017 4:47:20 PM org.apache.webbeans.plugins.PluginLoader startUp
INFORMACIÓN: Adding OpenWebBeansPlugin : [OpenWebBeansJsfPlugin]
oct 19, 2017 4:47:21 PM org.apache.webbeans.config.BeansDeployer validateInjectionPoints
INFORMACIÓN: All injection points were validated successfully.
oct 19, 2017 4:47:21 PM org.apache.openejb.cdi.OpenEJBLifecycle startApplication
INFORMACIÓN: OpenWebBeans Container has started, it took 309 ms.
oct 19, 2017 4:47:21 PM org.apache.openejb.assembler.classic.Assembler startEjbs
INFORMACIÓN: Created Ejb(deployment-id=PostController, ejb-name=PostController, container=Default Stateless Container)
oct 19, 2017 4:47:21 PM org.apache.openejb.assembler.classic.Assembler startEjbs
INFORMACIÓN: Created Ejb(deployment-id=UserController, ejb-name=UserController, container=Default Stateless Container)
oct 19, 2017 4:47:21 PM org.apache.openejb.assembler.classic.Assembler startEjbs
INFORMACIÓN: Started Ejb(deployment-id=PostController, ejb-name=PostController, container=Default Stateless Container)
oct 19, 2017 4:47:21 PM org.apache.openejb.assembler.classic.Assembler startEjbs
INFORMACIÓN: Started Ejb(deployment-id=UserController, ejb-name=UserController, container=Default Stateless Container)
oct 19, 2017 4:47:21 PM org.apache.openejb.assembler.classic.Assembler createApplication
INFORMACIÓN: Deployed Application(path=C:\Users\user\Desktop\davinci-maven-master\target\apache-tomee\webapps\ROOT)
oct 19, 2017 4:47:21 PM org.apache.catalina.deploy.WebXml setVersion
ADVERTENCIA: Unknown version string [3.1]. Default version will be used.
oct 19, 2017 4:47:21 PM org.apache.tomee.myfaces.TomEEMyFacesContainerInitializer addListener
INFORMACIÓN: Installing <listener>org.apache.myfaces.webapp.StartupServletContextListener</listener>
oct 19, 2017 4:47:21 PM org.apache.myfaces.config.DefaultFacesConfigurationProvider getStandardFacesConfig
INFORMACIÓN: Reading standard config META-INF/standard-faces-config.xml
oct 19, 2017 4:47:21 PM org.apache.myfaces.config.DefaultFacesConfigurationProvider getWebAppFacesConfig
INFORMACIÓN: Reading config /WEB-INF/faces-config.xml
oct 19, 2017 4:47:22 PM org.apache.myfaces.config.DefaultFacesConfigurationProvider getClassloaderFacesConfig
INFORMACIÓN: Reading config : jar:file:/C:/Users/user/Desktop/davinci-maven-master/target/apache-tomee/lib/openwebbeans-el22-1.2.6.jar!/META-INF/faces-config.xml
oct 19, 2017 4:47:22 PM org.apache.myfaces.config.DefaultFacesConfigurationProvider getClassloaderFacesConfig
INFORMACIÓN: Reading config : jar:file:/C:/Users/user/Desktop/davinci-maven-master/target/apache-tomee/lib/openwebbeans-jsf-1.2.6.jar!/META-INF/faces-config.xml
oct 19, 2017 4:47:22 PM org.apache.myfaces.config.LogMetaInfUtils logArtifact
INFORMACIÓN: Artifact 'myfaces-api' was found in version '2.1.15' from path 'file:/C:/Users/user/Desktop/davinci-maven-master/target/apache-tomee/lib/myfaces-api-2.1.15.jar'
oct 19, 2017 4:47:22 PM org.apache.myfaces.config.LogMetaInfUtils logArtifact
INFORMACIÓN: Artifact 'myfaces-impl' was found in version '2.1.15' from path 'file:/C:/Users/user/Desktop/davinci-maven-master/target/apache-tomee/lib/myfaces-impl-2.1.15.jar'
oct 19, 2017 4:47:22 PM org.apache.myfaces.util.ExternalSpecifications isBeanValidationAvailable
INFORMACIÓN: MyFaces Bean Validation support enabled
oct 19, 2017 4:47:22 PM org.apache.myfaces.application.ApplicationImpl getProjectStage
INFORMACIÓN: Couldn't discover the current project stage, using Production
oct 19, 2017 4:47:22 PM org.apache.myfaces.config.FacesConfigurator handleSerialFactory
INFORMACIÓN: Serialization provider : class org.apache.myfaces.shared_impl.util.serial.DefaultSerialFactory
oct 19, 2017 4:47:22 PM org.apache.myfaces.config.annotation.DefaultLifecycleProviderFactory getLifecycleProvider
INFORMACIÓN: Using LifecycleProvider org.apache.myfaces.config.annotation.Tomcat7AnnotationLifecycleProvider
oct 19, 2017 4:47:22 PM org.apache.myfaces.webapp.AbstractFacesInitializer initFaces
INFORMACIÓN: ServletContext initialized.
oct 19, 2017 4:47:22 PM org.apache.myfaces.util.ExternalSpecifications isUnifiedELAvailable
INFORMACIÓN: MyFaces Unified EL support enabled
oct 19, 2017 4:47:22 PM org.apache.catalina.startup.HostConfig deployWAR
INFORMACIÓN: Deployment of web application archive C:\Users\user\Desktop\davinci-maven-master\target\apache-tomee\webapps\ROOT.war has finished in 2.421 ms
oct 19, 2017 4:47:22 PM org.apache.coyote.AbstractProtocol start
INFORMACIÓN: Starting ProtocolHandler ["http-bio-8080"]
oct 19, 2017 4:47:22 PM org.apache.coyote.AbstractProtocol start
INFORMACIÓN: Starting ProtocolHandler ["ajp-bio-8009"]
oct 19, 2017 4:47:22 PM org.apache.catalina.startup.Catalina start
INFORMACIÓN: Server startup in 2580 ms
oct 19, 2017 4:49:30 PM org.apache.catalina.core.StandardContext reload
INFORMACIÓN: Ha comenzado la recarga de Contexto []
oct 19, 2017 4:49:30 PM org.apache.openejb.assembler.classic.Assembler destroyApplication
INFORMACIÓN: Undeploying app: C:\Users\user\Desktop\davinci-maven-master\target\apache-tomee\webapps\ROOT
oct 19, 2017 4:49:31 PM org.apache.openejb.config.ConfigurationFactory configureApplication
INFORMACIÓN: Configuring enterprise application: C:\Users\user\Desktop\davinci-maven-master\target\apache-tomee\webapps\ROOT
oct 19, 2017 4:49:31 PM org.apache.openejb.config.InitEjbDeployments deploy
INFORMACIÓN: Auto-deploying ejb UserController: EjbDeployment(deployment-id=UserController)
oct 19, 2017 4:49:31 PM org.apache.openejb.config.InitEjbDeployments deploy
INFORMACIÓN: Auto-deploying ejb PostController: EjbDeployment(deployment-id=PostController)
oct 19, 2017 4:49:31 PM org.apache.openejb.config.AppInfoBuilder build
INFORMACIÓN: Enterprise application "C:\Users\user\Desktop\davinci-maven-master\target\apache-tomee\webapps\ROOT" loaded.
oct 19, 2017 4:49:31 PM org.apache.openejb.assembler.classic.Assembler createApplication
INFORMACIÓN: Assembling app: C:\Users\user\Desktop\davinci-maven-master\target\apache-tomee\webapps\ROOT
oct 19, 2017 4:49:31 PM org.apache.openejb.assembler.classic.JndiBuilder bind
INFORMACIÓN: Jndi(name=UserControllerLocalBean) --> Ejb(deployment-id=UserController)
oct 19, 2017 4:49:31 PM org.apache.openejb.assembler.classic.JndiBuilder bind
INFORMACIÓN: Jndi(name=global//UserController!controller.UserController) --> Ejb(deployment-id=UserController)
oct 19, 2017 4:49:31 PM org.apache.openejb.assembler.classic.JndiBuilder bind
INFORMACIÓN: Jndi(name=global//UserController) --> Ejb(deployment-id=UserController)
oct 19, 2017 4:49:31 PM org.apache.openejb.assembler.classic.JndiBuilder bind
INFORMACIÓN: Jndi(name=PostControllerLocalBean) --> Ejb(deployment-id=PostController)
oct 19, 2017 4:49:31 PM org.apache.openejb.assembler.classic.JndiBuilder bind
INFORMACIÓN: Jndi(name=global//PostController!controller.PostController) --> Ejb(deployment-id=PostController)
oct 19, 2017 4:49:31 PM org.apache.openejb.assembler.classic.JndiBuilder bind
INFORMACIÓN: Jndi(name=global//PostController) --> Ejb(deployment-id=PostController)
oct 19, 2017 4:49:31 PM org.apache.openejb.cdi.CdiBuilder initSingleton
INFORMACIÓN: Existing thread singleton service in SystemInstance(): org.apache.openejb.cdi.ThreadSingletonServiceImpl@60438a68
oct 19, 2017 4:49:31 PM org.apache.openejb.cdi.OpenEJBLifecycle startApplication
INFORMACIÓN: OpenWebBeans Container is starting...
oct 19, 2017 4:49:31 PM org.apache.openejb.cdi.OpenEJBLifecycle startApplication
INFORMACIÓN: OpenWebBeans Container has started, it took 70 ms.
oct 19, 2017 4:49:31 PM org.apache.openejb.assembler.classic.Assembler startEjbs
INFORMACIÓN: Created Ejb(deployment-id=PostController, ejb-name=PostController, container=Default Stateless Container)
oct 19, 2017 4:49:31 PM org.apache.openejb.assembler.classic.Assembler startEjbs
INFORMACIÓN: Created Ejb(deployment-id=UserController, ejb-name=UserController, container=Default Stateless Container)
oct 19, 2017 4:49:32 PM org.apache.openejb.assembler.classic.Assembler startEjbs
INFORMACIÓN: Started Ejb(deployment-id=PostController, ejb-name=PostController, container=Default Stateless Container)
oct 19, 2017 4:49:32 PM org.apache.openejb.assembler.classic.Assembler startEjbs
INFORMACIÓN: Started Ejb(deployment-id=UserController, ejb-name=UserController, container=Default Stateless Container)
oct 19, 2017 4:49:32 PM org.apache.openejb.assembler.classic.Assembler createApplication
INFORMACIÓN: Deployed Application(path=C:\Users\user\Desktop\davinci-maven-master\target\apache-tomee\webapps\ROOT)
oct 19, 2017 4:49:32 PM org.apache.tomee.myfaces.TomEEMyFacesContainerInitializer addListener
INFORMACIÓN: Installing <listener>org.apache.myfaces.webapp.StartupServletContextListener</listener>
oct 19, 2017 4:49:32 PM org.apache.catalina.core.StandardContext reload
INFORMACIÓN: Se ha completado la recarga de este Contexto
oct 19, 2017 4:50:30 PM org.apache.catalina.core.StandardContext reload
INFORMACIÓN: Ha comenzado la recarga de Contexto []
oct 19, 2017 4:50:30 PM org.apache.openejb.assembler.classic.Assembler destroyApplication
INFORMACIÓN: Undeploying app: C:\Users\user\Desktop\davinci-maven-master\target\apache-tomee\webapps\ROOT
oct 19, 2017 4:50:31 PM org.apache.openejb.config.ConfigurationFactory configureApplication
INFORMACIÓN: Configuring enterprise application: C:\Users\user\Desktop\davinci-maven-master\target\apache-tomee\webapps\ROOT
oct 19, 2017 4:50:31 PM org.apache.openejb.config.InitEjbDeployments deploy
INFORMACIÓN: Auto-deploying ejb PostController: EjbDeployment(deployment-id=PostController)
oct 19, 2017 4:50:31 PM org.apache.openejb.config.InitEjbDeployments deploy
INFORMACIÓN: Auto-deploying ejb UserController: EjbDeployment(deployment-id=UserController)
oct 19, 2017 4:50:31 PM org.apache.openejb.config.AppInfoBuilder build
INFORMACIÓN: Enterprise application "C:\Users\user\Desktop\davinci-maven-master\target\apache-tomee\webapps\ROOT" loaded.
oct 19, 2017 4:50:31 PM org.apache.openejb.assembler.classic.Assembler createApplication
INFORMACIÓN: Assembling app: C:\Users\user\Desktop\davinci-maven-master\target\apache-tomee\webapps\ROOT
oct 19, 2017 4:50:31 PM org.apache.openejb.assembler.classic.JndiBuilder bind
INFORMACIÓN: Jndi(name=PostControllerLocalBean) --> Ejb(deployment-id=PostController)
oct 19, 2017 4:50:31 PM org.apache.openejb.assembler.classic.JndiBuilder bind
INFORMACIÓN: Jndi(name=global//PostController!controller.PostController) --> Ejb(deployment-id=PostController)
oct 19, 2017 4:50:31 PM org.apache.openejb.assembler.classic.JndiBuilder bind
INFORMACIÓN: Jndi(name=global//PostController) --> Ejb(deployment-id=PostController)
oct 19, 2017 4:50:31 PM org.apache.openejb.assembler.classic.JndiBuilder bind
INFORMACIÓN: Jndi(name=UserControllerLocalBean) --> Ejb(deployment-id=UserController)
oct 19, 2017 4:50:31 PM org.apache.openejb.assembler.classic.JndiBuilder bind
INFORMACIÓN: Jndi(name=global//UserController!controller.UserController) --> Ejb(deployment-id=UserController)
oct 19, 2017 4:50:31 PM org.apache.openejb.assembler.classic.JndiBuilder bind
INFORMACIÓN: Jndi(name=global//UserController) --> Ejb(deployment-id=UserController)
oct 19, 2017 4:50:31 PM org.apache.openejb.cdi.CdiBuilder initSingleton
INFORMACIÓN: Existing thread singleton service in SystemInstance(): org.apache.openejb.cdi.ThreadSingletonServiceImpl@60438a68
oct 19, 2017 4:50:31 PM org.apache.openejb.cdi.OpenEJBLifecycle startApplication
INFORMACIÓN: OpenWebBeans Container is starting...
oct 19, 2017 4:50:31 PM org.apache.openejb.cdi.OpenEJBLifecycle startApplication
INFORMACIÓN: OpenWebBeans Container has started, it took 71 ms.
oct 19, 2017 4:50:31 PM org.apache.openejb.assembler.classic.Assembler startEjbs
INFORMACIÓN: Created Ejb(deployment-id=PostController, ejb-name=PostController, container=Default Stateless Container)
oct 19, 2017 4:50:31 PM org.apache.openejb.assembler.classic.Assembler startEjbs
INFORMACIÓN: Created Ejb(deployment-id=UserController, ejb-name=UserController, container=Default Stateless Container)
oct 19, 2017 4:50:31 PM org.apache.openejb.assembler.classic.Assembler startEjbs
INFORMACIÓN: Started Ejb(deployment-id=PostController, ejb-name=PostController, container=Default Stateless Container)
oct 19, 2017 4:50:31 PM org.apache.openejb.assembler.classic.Assembler startEjbs
INFORMACIÓN: Started Ejb(deployment-id=UserController, ejb-name=UserController, container=Default Stateless Container)
oct 19, 2017 4:50:31 PM org.apache.openejb.assembler.classic.Assembler createApplication
INFORMACIÓN: Deployed Application(path=C:\Users\user\Desktop\davinci-maven-master\target\apache-tomee\webapps\ROOT)
oct 19, 2017 4:50:31 PM org.apache.tomee.myfaces.TomEEMyFacesContainerInitializer addListener
INFORMACIÓN: Installing <listener>org.apache.myfaces.webapp.StartupServletContextListener</listener>
oct 19, 2017 4:50:31 PM org.apache.catalina.core.StandardContext reload
INFORMACIÓN: Se ha completado la recarga de este Contexto
oct 19, 2017 4:51:39 PM org.apache.catalina.core.StandardServer await
INFORMACIÓN: Se ha recibido un comando de apagado a través del puerto de apagado. Parando la instancia del Servidor.
oct 19, 2017 4:51:39 PM org.apache.coyote.AbstractProtocol pause
INFORMACIÓN: Pausing ProtocolHandler ["http-bio-8080"]
oct 19, 2017 4:51:39 PM org.apache.coyote.AbstractProtocol pause
INFORMACIÓN: Pausing ProtocolHandler ["ajp-bio-8009"]
oct 19, 2017 4:51:40 PM org.apache.catalina.core.StandardService stopInternal
INFORMACIÓN: Parando servicio Catalina
oct 19, 2017 4:51:40 PM org.apache.openejb.assembler.classic.Assembler destroyApplication
INFORMACIÓN: Undeploying app: C:\Users\user\Desktop\davinci-maven-master\target\apache-tomee\webapps\ROOT
oct 19, 2017 4:51:40 PM org.apache.coyote.AbstractProtocol stop
INFORMACIÓN: Stopping ProtocolHandler ["http-bio-8080"]
oct 19, 2017 4:51:40 PM org.apache.coyote.AbstractProtocol stop
INFORMACIÓN: Stopping ProtocolHandler ["ajp-bio-8009"]
oct 19, 2017 4:51:40 PM org.apache.openejb.server.SimpleServiceManager stop
INFORMACIÓN: Stopping server services
oct 19, 2017 4:51:40 PM org.apache.openejb.assembler.classic.Assembler destroyApplication
INFORMACIÓN: Undeploying app: openejb
oct 19, 2017 4:51:40 PM org.apache.coyote.AbstractProtocol destroy
INFORMACIÓN: Destroying ProtocolHandler ["http-bio-8080"]
oct 19, 2017 4:51:40 PM org.apache.coyote.AbstractProtocol destroy
INFORMACIÓN: Destroying ProtocolHandler ["ajp-bio-8009"]
