nov 06, 2017 1:50:36 PM org.apache.catalina.core.AprLifecycleListener init
INFORMACIÓN: La biblioteca nativa de Apache Tomcat basada en ARP que permite un rendimiento óptimo en entornos de desarrollo no ha sido hallada en java.library.path: C:\Program Files\Java\jdk1.8.0_131\jre\bin;C:\Windows\Sun\Java\bin;C:\Windows\system32;C:\Windows;C:\xampp\php;C:\Program Files (x86)\Skype\Phone\;C:\xampp\php\;C:\Users\user\AppData\Roaming\Composer\vendor\bin;C:\Program Files (x86)\apache-maven-3.5.0\bin;.
nov 06, 2017 1:50:36 PM org.apache.coyote.AbstractProtocol init
INFORMACIÓN: Initializing ProtocolHandler ["http-bio-8080"]
nov 06, 2017 1:50:36 PM org.apache.coyote.AbstractProtocol init
INFORMACIÓN: Initializing ProtocolHandler ["ajp-bio-8009"]
nov 06, 2017 1:50:37 PM org.apache.openejb.util.OptionsLog info
INFORMACIÓN: Using 'tomee.remote.support=true'
nov 06, 2017 1:50:37 PM org.apache.openejb.util.OptionsLog info
INFORMACIÓN: Using 'openejb.jdbc.datasource-creator=org.apache.tomee.jdbc.TomEEDataSourceCreator'
nov 06, 2017 1:50:38 PM org.apache.openejb.OpenEJB$Instance <init>
INFORMACIÓN: ********************************************************************************
nov 06, 2017 1:50:38 PM org.apache.openejb.OpenEJB$Instance <init>
INFORMACIÓN: OpenEJB http://openejb.apache.org/
nov 06, 2017 1:50:38 PM org.apache.openejb.OpenEJB$Instance <init>
INFORMACIÓN: Startup: Mon Nov 06 13:50:38 ART 2017
nov 06, 2017 1:50:38 PM org.apache.openejb.OpenEJB$Instance <init>
INFORMACIÓN: Copyright 1999-2013 (C) Apache OpenEJB Project, All Rights Reserved.
nov 06, 2017 1:50:38 PM org.apache.openejb.OpenEJB$Instance <init>
INFORMACIÓN: Version: 4.7.0
nov 06, 2017 1:50:38 PM org.apache.openejb.OpenEJB$Instance <init>
INFORMACIÓN: Build date: 20140810
nov 06, 2017 1:50:38 PM org.apache.openejb.OpenEJB$Instance <init>
INFORMACIÓN: Build time: 12:40
nov 06, 2017 1:50:38 PM org.apache.openejb.OpenEJB$Instance <init>
INFORMACIÓN: ********************************************************************************
nov 06, 2017 1:50:38 PM org.apache.openejb.OpenEJB$Instance <init>
INFORMACIÓN: openejb.home = C:\Users\user\Desktop\MavenWeb\target\apache-tomee
nov 06, 2017 1:50:38 PM org.apache.openejb.OpenEJB$Instance <init>
INFORMACIÓN: openejb.base = C:\Users\user\Desktop\MavenWeb\target\apache-tomee
nov 06, 2017 1:50:38 PM org.apache.openejb.cdi.CdiBuilder initializeOWB
INFORMACIÓN: Created new singletonService org.apache.openejb.cdi.ThreadSingletonServiceImpl@3439f68d
nov 06, 2017 1:50:38 PM org.apache.openejb.cdi.CdiBuilder initializeOWB
INFORMACIÓN: Succeeded in installing singleton service
nov 06, 2017 1:50:38 PM org.apache.openejb.config.ConfigurationFactory init
INFORMACIÓN: openejb configuration file is 'C:\Users\user\Desktop\MavenWeb\target\apache-tomee\conf\tomee.xml'
nov 06, 2017 1:50:38 PM org.apache.openejb.config.ConfigurationFactory configureService
INFORMACIÓN: Configuring Service(id=Tomcat Security Service, type=SecurityService, provider-id=Tomcat Security Service)
nov 06, 2017 1:50:38 PM org.apache.openejb.config.ConfigurationFactory configureService
INFORMACIÓN: Configuring Service(id=Default Transaction Manager, type=TransactionManager, provider-id=Default Transaction Manager)
nov 06, 2017 1:50:38 PM org.apache.openejb.config.ConfigurationFactory configureService
INFORMACIÓN: Configuring Service(id=MysqlDs, type=Resource, provider-id=Default JDBC Database)
nov 06, 2017 1:50:38 PM org.apache.openejb.util.OptionsLog info
INFORMACIÓN: Using 'openejb.system.apps=true'
nov 06, 2017 1:50:38 PM org.apache.openejb.config.ConfigurationFactory configureApplication
INFORMACIÓN: Configuring enterprise application: openejb
nov 06, 2017 1:50:38 PM org.apache.openejb.config.InitEjbDeployments deploy
INFORMACIÓN: Using openejb.deploymentId.format '{ejbName}'
nov 06, 2017 1:50:38 PM org.apache.openejb.config.InitEjbDeployments deploy
INFORMACIÓN: Auto-deploying ejb openejb/Deployer: EjbDeployment(deployment-id=openejb/Deployer)
nov 06, 2017 1:50:38 PM org.apache.openejb.config.InitEjbDeployments deploy
INFORMACIÓN: Auto-deploying ejb openejb/ConfigurationInfo: EjbDeployment(deployment-id=openejb/ConfigurationInfo)
nov 06, 2017 1:50:38 PM org.apache.openejb.config.InitEjbDeployments deploy
INFORMACIÓN: Auto-deploying ejb MEJB: EjbDeployment(deployment-id=MEJB)
nov 06, 2017 1:50:38 PM org.apache.openejb.config.ConfigurationFactory configureService
INFORMACIÓN: Configuring Service(id=Default Stateless Container, type=Container, provider-id=Default Stateless Container)
nov 06, 2017 1:50:38 PM org.apache.openejb.config.AutoConfig createContainer
INFORMACIÓN: Auto-creating a container for bean openejb/Deployer: Container(type=STATELESS, id=Default Stateless Container)
nov 06, 2017 1:50:38 PM org.apache.openejb.config.AppInfoBuilder build
INFORMACIÓN: Enterprise application "openejb" loaded.
nov 06, 2017 1:50:38 PM org.apache.openejb.assembler.classic.Assembler createRecipe
INFORMACIÓN: Creating TransactionManager(id=Default Transaction Manager)
nov 06, 2017 1:50:38 PM org.apache.openejb.assembler.classic.Assembler createRecipe
INFORMACIÓN: Creating SecurityService(id=Tomcat Security Service)
nov 06, 2017 1:50:38 PM org.apache.openejb.assembler.classic.Assembler createRecipe
INFORMACIÓN: Creating Resource(id=MysqlDs)
nov 06, 2017 1:50:38 PM org.apache.tomee.jdbc.TomEEDataSourceCreator$TomEEDataSource readOnly
INFORMACIÓN: Disabling testOnBorrow since no validation query is provided
nov 06, 2017 1:50:39 PM org.apache.openejb.assembler.classic.Assembler createRecipe
INFORMACIÓN: Creating Container(id=Default Stateless Container)
nov 06, 2017 1:50:39 PM org.apache.openejb.assembler.classic.Assembler createApplication
INFORMACIÓN: Assembling app: openejb
nov 06, 2017 1:50:39 PM org.apache.openejb.util.OptionsLog info
INFORMACIÓN: Using 'openejb.jndiname.format={deploymentId}{interfaceType.openejbLegacyName}'
nov 06, 2017 1:50:39 PM org.apache.openejb.assembler.classic.JndiBuilder bind
INFORMACIÓN: Jndi(name=openejb/DeployerBusinessRemote) --> Ejb(deployment-id=openejb/Deployer)
nov 06, 2017 1:50:39 PM org.apache.openejb.assembler.classic.JndiBuilder bind
INFORMACIÓN: Jndi(name=global/openejb/openejb/Deployer!org.apache.openejb.assembler.Deployer) --> Ejb(deployment-id=openejb/Deployer)
nov 06, 2017 1:50:39 PM org.apache.openejb.assembler.classic.JndiBuilder bind
INFORMACIÓN: Jndi(name=global/openejb/openejb/Deployer) --> Ejb(deployment-id=openejb/Deployer)
nov 06, 2017 1:50:39 PM org.apache.openejb.assembler.classic.JndiBuilder bind
INFORMACIÓN: Jndi(name=openejb/ConfigurationInfoBusinessRemote) --> Ejb(deployment-id=openejb/ConfigurationInfo)
nov 06, 2017 1:50:39 PM org.apache.openejb.assembler.classic.JndiBuilder bind
INFORMACIÓN: Jndi(name=global/openejb/openejb/ConfigurationInfo!org.apache.openejb.assembler.classic.cmd.ConfigurationInfo) --> Ejb(deployment-id=openejb/ConfigurationInfo)
nov 06, 2017 1:50:39 PM org.apache.openejb.assembler.classic.JndiBuilder bind
INFORMACIÓN: Jndi(name=global/openejb/openejb/ConfigurationInfo) --> Ejb(deployment-id=openejb/ConfigurationInfo)
nov 06, 2017 1:50:39 PM org.apache.openejb.assembler.classic.JndiBuilder bind
INFORMACIÓN: Jndi(name=MEJB) --> Ejb(deployment-id=MEJB)
nov 06, 2017 1:50:39 PM org.apache.openejb.assembler.classic.JndiBuilder bind
INFORMACIÓN: Jndi(name=global/openejb/MEJB!javax.management.j2ee.ManagementHome) --> Ejb(deployment-id=MEJB)
nov 06, 2017 1:50:39 PM org.apache.openejb.assembler.classic.JndiBuilder bind
INFORMACIÓN: Jndi(name=global/openejb/MEJB) --> Ejb(deployment-id=MEJB)
nov 06, 2017 1:50:39 PM org.apache.openejb.assembler.classic.Assembler startEjbs
INFORMACIÓN: Created Ejb(deployment-id=MEJB, ejb-name=MEJB, container=Default Stateless Container)
nov 06, 2017 1:50:39 PM org.apache.openejb.assembler.classic.Assembler startEjbs
INFORMACIÓN: Created Ejb(deployment-id=openejb/ConfigurationInfo, ejb-name=openejb/ConfigurationInfo, container=Default Stateless Container)
nov 06, 2017 1:50:39 PM org.apache.openejb.assembler.classic.Assembler startEjbs
INFORMACIÓN: Created Ejb(deployment-id=openejb/Deployer, ejb-name=openejb/Deployer, container=Default Stateless Container)
nov 06, 2017 1:50:39 PM org.apache.openejb.assembler.classic.Assembler startEjbs
INFORMACIÓN: Started Ejb(deployment-id=MEJB, ejb-name=MEJB, container=Default Stateless Container)
nov 06, 2017 1:50:39 PM org.apache.openejb.assembler.classic.Assembler startEjbs
INFORMACIÓN: Started Ejb(deployment-id=openejb/ConfigurationInfo, ejb-name=openejb/ConfigurationInfo, container=Default Stateless Container)
nov 06, 2017 1:50:39 PM org.apache.openejb.assembler.classic.Assembler startEjbs
INFORMACIÓN: Started Ejb(deployment-id=openejb/Deployer, ejb-name=openejb/Deployer, container=Default Stateless Container)
nov 06, 2017 1:50:39 PM org.apache.openejb.assembler.classic.Assembler deployMBean
INFORMACIÓN: Deployed MBean(openejb.user.mbeans:application=openejb,group=org.apache.openejb.assembler.monitoring,name=JMXDeployer)
nov 06, 2017 1:50:39 PM org.apache.openejb.assembler.classic.Assembler createApplication
INFORMACIÓN: Deployed Application(path=openejb)
nov 06, 2017 1:50:39 PM org.apache.openejb.server.SimpleServiceManager start
INFORMACIÓN:   ** Bound Services **
nov 06, 2017 1:50:39 PM org.apache.openejb.server.SimpleServiceManager printRow
INFORMACIÓN:   NAME                 IP              PORT  
nov 06, 2017 1:50:39 PM org.apache.openejb.server.SimpleServiceManager start
INFORMACIÓN: -------
nov 06, 2017 1:50:39 PM org.apache.openejb.server.SimpleServiceManager start
INFORMACIÓN: Ready!
nov 06, 2017 1:50:39 PM org.apache.catalina.startup.Catalina load
INFORMACIÓN: Initialization processed in 3907 ms
nov 06, 2017 1:50:39 PM org.apache.tomee.catalina.OpenEJBNamingContextListener bindResource
INFORMACIÓN: Importing a Tomcat Resource with id 'UserDatabase' of type 'org.apache.catalina.UserDatabase'.
nov 06, 2017 1:50:39 PM org.apache.openejb.assembler.classic.Assembler createRecipe
INFORMACIÓN: Creating Resource(id=UserDatabase)
nov 06, 2017 1:50:39 PM org.apache.catalina.core.StandardService startInternal
INFORMACIÓN: Arrancando servicio Catalina
nov 06, 2017 1:50:39 PM org.apache.catalina.core.StandardEngine startInternal
INFORMACIÓN: Starting Servlet Engine: Apache Tomcat (TomEE)/7.0.55 (1.7.0)
nov 06, 2017 1:50:39 PM org.apache.catalina.startup.HostConfig deployWAR
INFORMACIÓN: Despliegue del archivo C:\Users\user\Desktop\MavenWeb\target\apache-tomee\webapps\ROOT.war de la aplicación web
nov 06, 2017 1:50:39 PM org.apache.tomee.catalina.TomcatWebAppBuilder init
INFORMACIÓN: ------------------------- localhost -> /
nov 06, 2017 1:50:39 PM org.apache.openejb.util.JarExtractor extract
INFORMACIÓN: Extracting jar: C:\Users\user\Desktop\MavenWeb\target\apache-tomee\webapps\ROOT.war
nov 06, 2017 1:50:39 PM org.apache.openejb.util.JarExtractor extract
INFORMACIÓN: Extracted path: C:\Users\user\Desktop\MavenWeb\target\apache-tomee\webapps\ROOT
nov 06, 2017 1:50:39 PM org.apache.openejb.util.OptionsLog info
INFORMACIÓN: Using 'openejb.session.manager=org.apache.tomee.catalina.session.QuickSessionManager'
nov 06, 2017 1:50:39 PM org.apache.openejb.config.ConfigurationFactory configureApplication
INFORMACIÓN: Configuring enterprise application: C:\Users\user\Desktop\MavenWeb\target\apache-tomee\webapps\ROOT
nov 06, 2017 1:50:40 PM org.apache.openejb.config.InitEjbDeployments deploy
INFORMACIÓN: Auto-deploying ejb PostController: EjbDeployment(deployment-id=PostController)
nov 06, 2017 1:50:40 PM org.apache.openejb.config.InitEjbDeployments deploy
INFORMACIÓN: Auto-deploying ejb UserController: EjbDeployment(deployment-id=UserController)
nov 06, 2017 1:50:40 PM org.apache.openejb.config.ConfigurationFactory configureService
INFORMACIÓN: Configuring Service(id=Default Managed Container, type=Container, provider-id=Default Managed Container)
nov 06, 2017 1:50:40 PM org.apache.openejb.config.AutoConfig createContainer
INFORMACIÓN: Auto-creating a container for bean .Comp681164792: Container(type=MANAGED, id=Default Managed Container)
nov 06, 2017 1:50:40 PM org.apache.openejb.assembler.classic.Assembler createRecipe
INFORMACIÓN: Creating Container(id=Default Managed Container)
nov 06, 2017 1:50:40 PM org.apache.openejb.core.managed.SimplePassivater init
INFORMACIÓN: Using directory C:\Users\user\Desktop\MavenWeb\target\apache-tomee\temp for stateful session passivation
nov 06, 2017 1:50:40 PM org.apache.openejb.config.AutoConfig deploy
INFORMACIÓN: Configuring PersistenceUnit(name=my-app-pu)
nov 06, 2017 1:50:40 PM org.apache.openejb.config.AutoConfig logAutoCreateResource
INFORMACIÓN: Auto-creating a Resource with id 'MysqlDsNonJta' of type 'DataSource for 'my-app-pu'.
nov 06, 2017 1:50:40 PM org.apache.openejb.config.AutoConfig deploy
INFORMACIÓN: Configuring Service(id=MysqlDsNonJta, type=Resource, provider-id=MysqlDs)
nov 06, 2017 1:50:40 PM org.apache.openejb.assembler.classic.Assembler createRecipe
INFORMACIÓN: Creating Resource(id=MysqlDsNonJta)
nov 06, 2017 1:50:40 PM org.apache.tomee.jdbc.TomEEDataSourceCreator$TomEEDataSource readOnly
INFORMACIÓN: Disabling testOnBorrow since no validation query is provided
nov 06, 2017 1:50:40 PM org.apache.openejb.config.AutoConfig setNonJtaDataSource
INFORMACIÓN: Adjusting PersistenceUnit my-app-pu <non-jta-data-source> to Resource ID 'MysqlDsNonJta' from 'null'
nov 06, 2017 1:50:40 PM org.apache.openejb.config.AppInfoBuilder build
INFORMACIÓN: Enterprise application "C:\Users\user\Desktop\MavenWeb\target\apache-tomee\webapps\ROOT" loaded.
nov 06, 2017 1:50:40 PM org.apache.openejb.assembler.classic.Assembler createApplication
INFORMACIÓN: Assembling app: C:\Users\user\Desktop\MavenWeb\target\apache-tomee\webapps\ROOT
nov 06, 2017 1:50:40 PM null
INFORMACIÓN: OpenJPA dynamically loaded a validation provider.
nov 06, 2017 1:50:40 PM org.apache.openejb.assembler.classic.ReloadableEntityManagerFactory createDelegate
INFORMACIÓN: PersistenceUnit(name=my-app-pu, provider=org.apache.openjpa.persistence.PersistenceProviderImpl) - provider time 343ms
nov 06, 2017 1:50:40 PM org.apache.openejb.assembler.classic.JndiBuilder bind
INFORMACIÓN: Jndi(name=PostControllerLocalBean) --> Ejb(deployment-id=PostController)
nov 06, 2017 1:50:40 PM org.apache.openejb.assembler.classic.JndiBuilder bind
INFORMACIÓN: Jndi(name=global//PostController!controller.PostController) --> Ejb(deployment-id=PostController)
nov 06, 2017 1:50:40 PM org.apache.openejb.assembler.classic.JndiBuilder bind
INFORMACIÓN: Jndi(name=global//PostController) --> Ejb(deployment-id=PostController)
nov 06, 2017 1:50:40 PM org.apache.openejb.assembler.classic.JndiBuilder bind
INFORMACIÓN: Jndi(name=UserControllerLocalBean) --> Ejb(deployment-id=UserController)
nov 06, 2017 1:50:40 PM org.apache.openejb.assembler.classic.JndiBuilder bind
INFORMACIÓN: Jndi(name=global//UserController!controller.UserController) --> Ejb(deployment-id=UserController)
nov 06, 2017 1:50:40 PM org.apache.openejb.assembler.classic.JndiBuilder bind
INFORMACIÓN: Jndi(name=global//UserController) --> Ejb(deployment-id=UserController)
nov 06, 2017 1:50:41 PM org.apache.openejb.cdi.CdiBuilder initSingleton
INFORMACIÓN: Existing thread singleton service in SystemInstance(): org.apache.openejb.cdi.ThreadSingletonServiceImpl@3439f68d
nov 06, 2017 1:50:41 PM org.apache.openejb.cdi.OpenEJBLifecycle startApplication
INFORMACIÓN: OpenWebBeans Container is starting...
nov 06, 2017 1:50:41 PM org.apache.webbeans.plugins.PluginLoader startUp
INFORMACIÓN: Adding OpenWebBeansPlugin : [CdiPlugin]
nov 06, 2017 1:50:41 PM org.apache.webbeans.plugins.PluginLoader startUp
INFORMACIÓN: Adding OpenWebBeansPlugin : [OpenWebBeansJsfPlugin]
nov 06, 2017 1:50:41 PM org.apache.webbeans.config.BeansDeployer validateInjectionPoints
INFORMACIÓN: All injection points were validated successfully.
nov 06, 2017 1:50:41 PM org.apache.openejb.cdi.OpenEJBLifecycle startApplication
INFORMACIÓN: OpenWebBeans Container has started, it took 335 ms.
nov 06, 2017 1:50:41 PM org.apache.openejb.assembler.classic.Assembler startEjbs
INFORMACIÓN: Created Ejb(deployment-id=PostController, ejb-name=PostController, container=Default Stateless Container)
nov 06, 2017 1:50:41 PM org.apache.openejb.assembler.classic.Assembler startEjbs
INFORMACIÓN: Created Ejb(deployment-id=UserController, ejb-name=UserController, container=Default Stateless Container)
nov 06, 2017 1:50:41 PM org.apache.openejb.assembler.classic.Assembler startEjbs
INFORMACIÓN: Started Ejb(deployment-id=PostController, ejb-name=PostController, container=Default Stateless Container)
nov 06, 2017 1:50:41 PM org.apache.openejb.assembler.classic.Assembler startEjbs
INFORMACIÓN: Started Ejb(deployment-id=UserController, ejb-name=UserController, container=Default Stateless Container)
nov 06, 2017 1:50:41 PM org.apache.openejb.assembler.classic.Assembler createApplication
INFORMACIÓN: Deployed Application(path=C:\Users\user\Desktop\MavenWeb\target\apache-tomee\webapps\ROOT)
nov 06, 2017 1:50:41 PM org.apache.catalina.deploy.WebXml setVersion
ADVERTENCIA: Unknown version string [3.1]. Default version will be used.
nov 06, 2017 1:50:41 PM org.apache.tomee.myfaces.TomEEMyFacesContainerInitializer addListener
INFORMACIÓN: Installing <listener>org.apache.myfaces.webapp.StartupServletContextListener</listener>
nov 06, 2017 1:50:41 PM org.apache.myfaces.config.DefaultFacesConfigurationProvider getStandardFacesConfig
INFORMACIÓN: Reading standard config META-INF/standard-faces-config.xml
nov 06, 2017 1:50:42 PM org.apache.myfaces.config.DefaultFacesConfigurationProvider getWebAppFacesConfig
INFORMACIÓN: Reading config /WEB-INF/faces-config.xml
nov 06, 2017 1:50:42 PM org.apache.myfaces.config.DefaultFacesConfigurationProvider getClassloaderFacesConfig
INFORMACIÓN: Reading config : jar:file:/C:/Users/user/Desktop/MavenWeb/target/apache-tomee/lib/openwebbeans-el22-1.2.6.jar!/META-INF/faces-config.xml
nov 06, 2017 1:50:42 PM org.apache.myfaces.config.DefaultFacesConfigurationProvider getClassloaderFacesConfig
INFORMACIÓN: Reading config : jar:file:/C:/Users/user/Desktop/MavenWeb/target/apache-tomee/lib/openwebbeans-jsf-1.2.6.jar!/META-INF/faces-config.xml
nov 06, 2017 1:50:42 PM org.apache.myfaces.config.LogMetaInfUtils logArtifact
INFORMACIÓN: Artifact 'myfaces-api' was found in version '2.1.15' from path 'file:/C:/Users/user/Desktop/MavenWeb/target/apache-tomee/lib/myfaces-api-2.1.15.jar'
nov 06, 2017 1:50:42 PM org.apache.myfaces.config.LogMetaInfUtils logArtifact
INFORMACIÓN: Artifact 'myfaces-impl' was found in version '2.1.15' from path 'file:/C:/Users/user/Desktop/MavenWeb/target/apache-tomee/lib/myfaces-impl-2.1.15.jar'
nov 06, 2017 1:50:42 PM org.apache.myfaces.util.ExternalSpecifications isBeanValidationAvailable
INFORMACIÓN: MyFaces Bean Validation support enabled
nov 06, 2017 1:50:42 PM org.apache.myfaces.application.ApplicationImpl getProjectStage
INFORMACIÓN: Couldn't discover the current project stage, using Production
nov 06, 2017 1:50:42 PM org.apache.myfaces.config.FacesConfigurator handleSerialFactory
INFORMACIÓN: Serialization provider : class org.apache.myfaces.shared_impl.util.serial.DefaultSerialFactory
nov 06, 2017 1:50:42 PM org.apache.myfaces.config.annotation.DefaultLifecycleProviderFactory getLifecycleProvider
INFORMACIÓN: Using LifecycleProvider org.apache.myfaces.config.annotation.Tomcat7AnnotationLifecycleProvider
nov 06, 2017 1:50:42 PM org.apache.myfaces.webapp.AbstractFacesInitializer initFaces
INFORMACIÓN: ServletContext initialized.
nov 06, 2017 1:50:42 PM org.apache.myfaces.util.ExternalSpecifications isUnifiedELAvailable
INFORMACIÓN: MyFaces Unified EL support enabled
nov 06, 2017 1:50:42 PM org.apache.catalina.startup.HostConfig deployWAR
INFORMACIÓN: Deployment of web application archive C:\Users\user\Desktop\MavenWeb\target\apache-tomee\webapps\ROOT.war has finished in 3.491 ms
nov 06, 2017 1:50:43 PM org.apache.coyote.AbstractProtocol start
INFORMACIÓN: Starting ProtocolHandler ["http-bio-8080"]
nov 06, 2017 1:50:43 PM org.apache.coyote.AbstractProtocol start
INFORMACIÓN: Starting ProtocolHandler ["ajp-bio-8009"]
nov 06, 2017 1:50:43 PM org.apache.catalina.startup.Catalina start
INFORMACIÓN: Server startup in 3577 ms
nov 06, 2017 1:50:51 PM null
INFORMACIÓN: Starting OpenJPA 2.4.0-nonfinal-1598334
nov 06, 2017 1:50:52 PM null
INFORMACIÓN: Using dictionary class "org.apache.openjpa.jdbc.sql.MariaDBDictionary" (MySQL 5.5.5-10.1.16-MariaDB ,MySQL-AB JDBC Driver mysql-connector-java-5.1.6 ( Revision: ${svn.Revision} )).
nov 06, 2017 1:50:52 PM null
INFORMACIÓN: Connected to MySQL version 5.5 using JDBC driver MySQL-AB JDBC Driver version mysql-connector-java-5.1.6 ( Revision: ${svn.Revision} ). 
