oct 17, 2017 2:21:45 PM org.apache.catalina.core.ApplicationContext log
INFORMACIÓN: No state saving method defined, assuming default server state saving
oct 17, 2017 2:24:11 PM org.apache.catalina.core.StandardWrapperValve invoke
GRAVE: El Servlet.service() para el servlet [Faces Servlet] en el contexto con ruta [] lanzó la excepción [/index.xhtmlNo saved view state could be found for the view identifier: /index.xhtml] con causa raíz
javax.faces.application.ViewExpiredException: /index.xhtmlNo saved view state could be found for the view identifier: /index.xhtml
	at org.apache.myfaces.lifecycle.RestoreViewExecutor.execute(RestoreViewExecutor.java:171)
	at org.apache.myfaces.lifecycle.LifecycleImpl.executePhase(LifecycleImpl.java:170)
	at org.apache.myfaces.lifecycle.LifecycleImpl.execute(LifecycleImpl.java:117)
	at javax.faces.webapp.FacesServlet.service(FacesServlet.java:197)
	at org.apache.catalina.core.ApplicationFilterChain.internalDoFilter(ApplicationFilterChain.java:303)
	at org.apache.catalina.core.ApplicationFilterChain.doFilter(ApplicationFilterChain.java:208)
	at org.apache.tomcat.websocket.server.WsFilter.doFilter(WsFilter.java:52)
	at org.apache.catalina.core.ApplicationFilterChain.internalDoFilter(ApplicationFilterChain.java:241)
	at org.apache.catalina.core.ApplicationFilterChain.doFilter(ApplicationFilterChain.java:208)
	at filter.AuthFilter.doFilter(AuthFilter.java:34)
	at org.apache.catalina.core.ApplicationFilterChain.internalDoFilter(ApplicationFilterChain.java:241)
	at org.apache.catalina.core.ApplicationFilterChain.doFilter(ApplicationFilterChain.java:208)
	at org.apache.catalina.core.StandardWrapperValve.invoke(StandardWrapperValve.java:220)
	at org.apache.catalina.core.StandardContextValve.invoke(StandardContextValve.java:122)
	at org.apache.tomee.catalina.OpenEJBValve.invoke(OpenEJBValve.java:44)
	at org.apache.tomee.catalina.OpenEJBValve.invoke(OpenEJBValve.java:44)
	at org.apache.catalina.authenticator.AuthenticatorBase.invoke(AuthenticatorBase.java:501)
	at org.apache.catalina.core.StandardHostValve.invoke(StandardHostValve.java:171)
	at org.apache.catalina.valves.ErrorReportValve.invoke(ErrorReportValve.java:103)
	at org.apache.catalina.valves.AccessLogValve.invoke(AccessLogValve.java:950)
	at org.apache.catalina.core.StandardEngineValve.invoke(StandardEngineValve.java:116)
	at org.apache.catalina.connector.CoyoteAdapter.service(CoyoteAdapter.java:408)
	at org.apache.coyote.http11.AbstractHttp11Processor.process(AbstractHttp11Processor.java:1070)
	at org.apache.coyote.AbstractProtocol$AbstractConnectionHandler.process(AbstractProtocol.java:611)
	at org.apache.tomcat.util.net.JIoEndpoint$SocketProcessor.run(JIoEndpoint.java:314)
	at java.util.concurrent.ThreadPoolExecutor.runWorker(ThreadPoolExecutor.java:1142)
	at java.util.concurrent.ThreadPoolExecutor$Worker.run(ThreadPoolExecutor.java:617)
	at org.apache.tomcat.util.threads.TaskThread$WrappingRunnable.run(TaskThread.java:61)
	at java.lang.Thread.run(Thread.java:748)

oct 17, 2017 2:24:15 PM org.apache.catalina.core.ApplicationContext log
INFORMACIÓN: No state saving method defined, assuming default server state saving
oct 17, 2017 2:24:20 PM org.apache.catalina.core.StandardWrapperValve invoke
GRAVE: El Servlet.service() para el servlet [Faces Servlet] en el contexto con ruta [] lanzó la excepción [Error Parsing /viewMetadata/home.xhtml: Error Traced[line: 62] El tipo de elemento "img" debe finalizar por la etiqueta final coincidente "</img>".] con causa raíz
javax.faces.view.facelets.FaceletException: Error Parsing /viewMetadata/home.xhtml: Error Traced[line: 62] El tipo de elemento "img" debe finalizar por la etiqueta final coincidente "</img>".
	at org.apache.myfaces.view.facelets.compiler.SAXCompiler.doCompileViewMetadata(SAXCompiler.java:825)
	at org.apache.myfaces.view.facelets.compiler.Compiler.compileViewMetadata(Compiler.java:138)
	at org.apache.myfaces.view.facelets.impl.DefaultFaceletFactory._createViewMetadataFacelet(DefaultFaceletFactory.java:386)
	at org.apache.myfaces.view.facelets.impl.DefaultFaceletFactory.access$100(DefaultFaceletFactory.java:55)
	at org.apache.myfaces.view.facelets.impl.DefaultFaceletFactory$2.newInstance(DefaultFaceletFactory.java:124)
	at org.apache.myfaces.view.facelets.impl.DefaultFaceletFactory$2.newInstance(DefaultFaceletFactory.java:121)
	at org.apache.myfaces.view.facelets.impl.FaceletCacheImpl.getViewMetadataFacelet(FaceletCacheImpl.java:113)
	at org.apache.myfaces.view.facelets.impl.FaceletCacheImpl.getViewMetadataFacelet(FaceletCacheImpl.java:50)
	at org.apache.myfaces.view.facelets.impl.DefaultFaceletFactory.getViewMetadataFacelet(DefaultFaceletFactory.java:470)
	at org.apache.myfaces.view.facelets.impl.DefaultFaceletFactory.getViewMetadataFacelet(DefaultFaceletFactory.java:454)
	at org.apache.myfaces.view.facelets.FaceletViewDeclarationLanguage._getViewMetadataFacelet(FaceletViewDeclarationLanguage.java:2636)
	at org.apache.myfaces.view.facelets.FaceletViewDeclarationLanguage.access$000(FaceletViewDeclarationLanguage.java:143)
	at org.apache.myfaces.view.facelets.FaceletViewDeclarationLanguage$FaceletViewMetadata.createMetadataView(FaceletViewDeclarationLanguage.java:2752)
	at org.apache.myfaces.application.NavigationHandlerImpl.handleNavigation(NavigationHandlerImpl.java:208)
	at org.apache.myfaces.application.ActionListenerImpl.processAction(ActionListenerImpl.java:89)
	at javax.faces.component.UICommand.broadcast(UICommand.java:120)
	at javax.faces.component.UIViewRoot._broadcastAll(UIViewRoot.java:1041)
	at javax.faces.component.UIViewRoot.broadcastEvents(UIViewRoot.java:289)
	at javax.faces.component.UIViewRoot._process(UIViewRoot.java:1415)
	at javax.faces.component.UIViewRoot.processApplication(UIViewRoot.java:765)
	at org.apache.myfaces.lifecycle.InvokeApplicationExecutor.execute(InvokeApplicationExecutor.java:38)
	at org.apache.myfaces.lifecycle.LifecycleImpl.executePhase(LifecycleImpl.java:170)
	at org.apache.myfaces.lifecycle.LifecycleImpl.execute(LifecycleImpl.java:117)
	at javax.faces.webapp.FacesServlet.service(FacesServlet.java:197)
	at org.apache.catalina.core.ApplicationFilterChain.internalDoFilter(ApplicationFilterChain.java:303)
	at org.apache.catalina.core.ApplicationFilterChain.doFilter(ApplicationFilterChain.java:208)
	at org.apache.tomcat.websocket.server.WsFilter.doFilter(WsFilter.java:52)
	at org.apache.catalina.core.ApplicationFilterChain.internalDoFilter(ApplicationFilterChain.java:241)
	at org.apache.catalina.core.ApplicationFilterChain.doFilter(ApplicationFilterChain.java:208)
	at filter.AuthFilter.doFilter(AuthFilter.java:34)
	at org.apache.catalina.core.ApplicationFilterChain.internalDoFilter(ApplicationFilterChain.java:241)
	at org.apache.catalina.core.ApplicationFilterChain.doFilter(ApplicationFilterChain.java:208)
	at org.apache.catalina.core.StandardWrapperValve.invoke(StandardWrapperValve.java:220)
	at org.apache.catalina.core.StandardContextValve.invoke(StandardContextValve.java:122)
	at org.apache.tomee.catalina.OpenEJBValve.invoke(OpenEJBValve.java:44)
	at org.apache.tomee.catalina.OpenEJBValve.invoke(OpenEJBValve.java:44)
	at org.apache.catalina.authenticator.AuthenticatorBase.invoke(AuthenticatorBase.java:501)
	at org.apache.catalina.core.StandardHostValve.invoke(StandardHostValve.java:171)
	at org.apache.catalina.valves.ErrorReportValve.invoke(ErrorReportValve.java:103)
	at org.apache.catalina.valves.AccessLogValve.invoke(AccessLogValve.java:950)
	at org.apache.catalina.core.StandardEngineValve.invoke(StandardEngineValve.java:116)
	at org.apache.catalina.connector.CoyoteAdapter.service(CoyoteAdapter.java:408)
	at org.apache.coyote.http11.AbstractHttp11Processor.process(AbstractHttp11Processor.java:1070)
	at org.apache.coyote.AbstractProtocol$AbstractConnectionHandler.process(AbstractProtocol.java:611)
	at org.apache.tomcat.util.net.JIoEndpoint$SocketProcessor.run(JIoEndpoint.java:314)
	at java.util.concurrent.ThreadPoolExecutor.runWorker(ThreadPoolExecutor.java:1142)
	at java.util.concurrent.ThreadPoolExecutor$Worker.run(ThreadPoolExecutor.java:617)
	at org.apache.tomcat.util.threads.TaskThread$WrappingRunnable.run(TaskThread.java:61)
	at java.lang.Thread.run(Thread.java:748)

oct 17, 2017 2:24:36 PM org.apache.catalina.core.ApplicationContext log
INFORMACIÓN: No state saving method defined, assuming default server state saving
oct 17, 2017 2:25:48 PM org.apache.catalina.core.ApplicationContext log
INFORMACIÓN: No state saving method defined, assuming default server state saving
oct 17, 2017 2:27:41 PM org.apache.catalina.core.ApplicationContext log
INFORMACIÓN: No state saving method defined, assuming default server state saving
oct 17, 2017 2:27:49 PM org.apache.catalina.core.StandardWrapperValve invoke
GRAVE: El Servlet.service() para el servlet [Faces Servlet] en el contexto con ruta [] lanzó la excepción [javax.el.PropertyNotFoundException: Objetivo inalcanzable, identificador 'postMb' resuelto a nulo] con causa raíz
javax.el.PropertyNotFoundException: Objetivo inalcanzable, identificador 'postMb' resuelto a nulo
	at org.apache.el.parser.AstValue.getTarget(AstValue.java:97)
	at org.apache.el.parser.AstValue.getType(AstValue.java:81)
	at org.apache.el.ValueExpressionImpl.getType(ValueExpressionImpl.java:171)
	at org.apache.webbeans.el22.WrappedValueExpression.getType(WrappedValueExpression.java:61)
	at org.apache.myfaces.view.facelets.el.ContextAwareTagValueExpression.getType(ContextAwareTagValueExpression.java:75)
	at org.apache.myfaces.shared.renderkit._SharedRendererUtils.findUIOutputConverter(_SharedRendererUtils.java:81)
	at org.apache.myfaces.shared.renderkit.RendererUtils.findUIOutputConverter(RendererUtils.java:548)
	at org.apache.myfaces.shared.renderkit.RendererUtils.getConvertedUIOutputValue(RendererUtils.java:1009)
	at org.apache.myfaces.shared.renderkit.html.HtmlTextareaRendererBase.getConvertedValue(HtmlTextareaRendererBase.java:208)
	at javax.faces.component.UIInput.getConvertedValue(UIInput.java:658)
	at javax.faces.component.UIInput.validate(UIInput.java:594)
	at javax.faces.component.UIInput.processValidators(UIInput.java:274)
	at javax.faces.component.UIForm.processValidators(UIForm.java:213)
	at javax.faces.component.UIComponentBase.processValidators(UIComponentBase.java:1427)
	at javax.faces.component.UIComponentBase.processValidators(UIComponentBase.java:1427)
	at javax.faces.component.UIViewRoot._processValidatorsDefault(UIViewRoot.java:1456)
	at javax.faces.component.UIViewRoot.access$500(UIViewRoot.java:74)
	at javax.faces.component.UIViewRoot$ProcessValidatorPhaseProcessor.process(UIViewRoot.java:1563)
	at javax.faces.component.UIViewRoot._process(UIViewRoot.java:1412)
	at javax.faces.component.UIViewRoot.processValidators(UIViewRoot.java:812)
	at org.apache.myfaces.lifecycle.ProcessValidationsExecutor.execute(ProcessValidationsExecutor.java:38)
	at org.apache.myfaces.lifecycle.LifecycleImpl.executePhase(LifecycleImpl.java:170)
	at org.apache.myfaces.lifecycle.LifecycleImpl.execute(LifecycleImpl.java:117)
	at javax.faces.webapp.FacesServlet.service(FacesServlet.java:197)
	at org.apache.catalina.core.ApplicationFilterChain.internalDoFilter(ApplicationFilterChain.java:303)
	at org.apache.catalina.core.ApplicationFilterChain.doFilter(ApplicationFilterChain.java:208)
	at org.apache.tomcat.websocket.server.WsFilter.doFilter(WsFilter.java:52)
	at org.apache.catalina.core.ApplicationFilterChain.internalDoFilter(ApplicationFilterChain.java:241)
	at org.apache.catalina.core.ApplicationFilterChain.doFilter(ApplicationFilterChain.java:208)
	at filter.AuthFilter.doFilter(AuthFilter.java:34)
	at org.apache.catalina.core.ApplicationFilterChain.internalDoFilter(ApplicationFilterChain.java:241)
	at org.apache.catalina.core.ApplicationFilterChain.doFilter(ApplicationFilterChain.java:208)
	at org.apache.catalina.core.StandardWrapperValve.invoke(StandardWrapperValve.java:220)
	at org.apache.catalina.core.StandardContextValve.invoke(StandardContextValve.java:122)
	at org.apache.tomee.catalina.OpenEJBValve.invoke(OpenEJBValve.java:44)
	at org.apache.tomee.catalina.OpenEJBValve.invoke(OpenEJBValve.java:44)
	at org.apache.tomee.catalina.OpenEJBValve.invoke(OpenEJBValve.java:44)
	at org.apache.tomee.catalina.OpenEJBValve.invoke(OpenEJBValve.java:44)
	at org.apache.tomee.catalina.OpenEJBValve.invoke(OpenEJBValve.java:44)
	at org.apache.tomee.catalina.OpenEJBValve.invoke(OpenEJBValve.java:44)
	at org.apache.tomee.catalina.OpenEJBValve.invoke(OpenEJBValve.java:44)
	at org.apache.tomee.catalina.OpenEJBValve.invoke(OpenEJBValve.java:44)
	at org.apache.catalina.authenticator.AuthenticatorBase.invoke(AuthenticatorBase.java:501)
	at org.apache.catalina.core.StandardHostValve.invoke(StandardHostValve.java:171)
	at org.apache.catalina.valves.ErrorReportValve.invoke(ErrorReportValve.java:103)
	at org.apache.catalina.valves.AccessLogValve.invoke(AccessLogValve.java:950)
	at org.apache.catalina.core.StandardEngineValve.invoke(StandardEngineValve.java:116)
	at org.apache.catalina.connector.CoyoteAdapter.service(CoyoteAdapter.java:408)
	at org.apache.coyote.http11.AbstractHttp11Processor.process(AbstractHttp11Processor.java:1070)
	at org.apache.coyote.AbstractProtocol$AbstractConnectionHandler.process(AbstractProtocol.java:611)
	at org.apache.tomcat.util.net.JIoEndpoint$SocketProcessor.run(JIoEndpoint.java:316)
	at java.util.concurrent.ThreadPoolExecutor.runWorker(ThreadPoolExecutor.java:1142)
	at java.util.concurrent.ThreadPoolExecutor$Worker.run(ThreadPoolExecutor.java:617)
	at org.apache.tomcat.util.threads.TaskThread$WrappingRunnable.run(TaskThread.java:61)
	at java.lang.Thread.run(Thread.java:748)

oct 17, 2017 2:28:16 PM org.apache.catalina.core.StandardWrapperValve invoke
GRAVE: El Servlet.service() para el servlet [Faces Servlet] en el contexto con ruta [] lanzó la excepción [/index.xhtmlNo saved view state could be found for the view identifier: /index.xhtml] con causa raíz
javax.faces.application.ViewExpiredException: /index.xhtmlNo saved view state could be found for the view identifier: /index.xhtml
	at org.apache.myfaces.lifecycle.RestoreViewExecutor.execute(RestoreViewExecutor.java:171)
	at org.apache.myfaces.lifecycle.LifecycleImpl.executePhase(LifecycleImpl.java:170)
	at org.apache.myfaces.lifecycle.LifecycleImpl.execute(LifecycleImpl.java:117)
	at javax.faces.webapp.FacesServlet.service(FacesServlet.java:197)
	at org.apache.catalina.core.ApplicationFilterChain.internalDoFilter(ApplicationFilterChain.java:303)
	at org.apache.catalina.core.ApplicationFilterChain.doFilter(ApplicationFilterChain.java:208)
	at org.apache.tomcat.websocket.server.WsFilter.doFilter(WsFilter.java:52)
	at org.apache.catalina.core.ApplicationFilterChain.internalDoFilter(ApplicationFilterChain.java:241)
	at org.apache.catalina.core.ApplicationFilterChain.doFilter(ApplicationFilterChain.java:208)
	at filter.AuthFilter.doFilter(AuthFilter.java:34)
	at org.apache.catalina.core.ApplicationFilterChain.internalDoFilter(ApplicationFilterChain.java:241)
	at org.apache.catalina.core.ApplicationFilterChain.doFilter(ApplicationFilterChain.java:208)
	at org.apache.catalina.core.StandardWrapperValve.invoke(StandardWrapperValve.java:220)
	at org.apache.catalina.core.StandardContextValve.invoke(StandardContextValve.java:122)
	at org.apache.tomee.catalina.OpenEJBValve.invoke(OpenEJBValve.java:44)
	at org.apache.tomee.catalina.OpenEJBValve.invoke(OpenEJBValve.java:44)
	at org.apache.tomee.catalina.OpenEJBValve.invoke(OpenEJBValve.java:44)
	at org.apache.tomee.catalina.OpenEJBValve.invoke(OpenEJBValve.java:44)
	at org.apache.tomee.catalina.OpenEJBValve.invoke(OpenEJBValve.java:44)
	at org.apache.tomee.catalina.OpenEJBValve.invoke(OpenEJBValve.java:44)
	at org.apache.tomee.catalina.OpenEJBValve.invoke(OpenEJBValve.java:44)
	at org.apache.tomee.catalina.OpenEJBValve.invoke(OpenEJBValve.java:44)
	at org.apache.tomee.catalina.OpenEJBValve.invoke(OpenEJBValve.java:44)
	at org.apache.catalina.authenticator.AuthenticatorBase.invoke(AuthenticatorBase.java:501)
	at org.apache.catalina.core.StandardHostValve.invoke(StandardHostValve.java:171)
	at org.apache.catalina.valves.ErrorReportValve.invoke(ErrorReportValve.java:103)
	at org.apache.catalina.valves.AccessLogValve.invoke(AccessLogValve.java:950)
	at org.apache.catalina.core.StandardEngineValve.invoke(StandardEngineValve.java:116)
	at org.apache.catalina.connector.CoyoteAdapter.service(CoyoteAdapter.java:408)
	at org.apache.coyote.http11.AbstractHttp11Processor.process(AbstractHttp11Processor.java:1070)
	at org.apache.coyote.AbstractProtocol$AbstractConnectionHandler.process(AbstractProtocol.java:611)
	at org.apache.tomcat.util.net.JIoEndpoint$SocketProcessor.run(JIoEndpoint.java:314)
	at java.util.concurrent.ThreadPoolExecutor.runWorker(ThreadPoolExecutor.java:1142)
	at java.util.concurrent.ThreadPoolExecutor$Worker.run(ThreadPoolExecutor.java:617)
	at org.apache.tomcat.util.threads.TaskThread$WrappingRunnable.run(TaskThread.java:61)
	at java.lang.Thread.run(Thread.java:748)

oct 17, 2017 2:28:18 PM org.apache.catalina.core.ApplicationContext log
INFORMACIÓN: No state saving method defined, assuming default server state saving
oct 17, 2017 2:29:22 PM org.apache.catalina.core.ApplicationContext log
INFORMACIÓN: No state saving method defined, assuming default server state saving
oct 17, 2017 2:29:36 PM org.apache.catalina.core.ApplicationContext log
INFORMACIÓN: No state saving method defined, assuming default server state saving
oct 17, 2017 2:31:04 PM org.apache.catalina.core.ApplicationContext log
INFORMACIÓN: No state saving method defined, assuming default server state saving
oct 17, 2017 2:33:04 PM org.apache.catalina.core.ApplicationContext log
INFORMACIÓN: No state saving method defined, assuming default server state saving
oct 17, 2017 2:37:08 PM org.apache.catalina.core.ApplicationContext log
INFORMACIÓN: No state saving method defined, assuming default server state saving
